`text_config_dict` is provided which will be used to initialize `CLIPTextConfig`. The value `text_config["id2label"]` will be overriden.
`text_config_dict` is provided which will be used to initialize `CLIPTextConfig`. The value `text_config["bos_token_id"]` will be overriden.
`text_config_dict` is provided which will be used to initialize `CLIPTextConfig`. The value `text_config["eos_token_id"]` will be overriden.
Loading pipeline components...: 100%|█████████████████████████████████████████████████████████████████████████████████████████████████████████| 6/6 [00:00<00:00,  6.49it/s]
Some weights of PegasusForConditionalGeneration were not initialized from the model checkpoint at /home/wenhesun/.cache/huggingface/hub/models--tuner007--pegasus_paraphrase and are newly initialized: ['model.encoder.embed_positions.weight', 'model.decoder.embed_positions.weight']
You should probably TRAIN this model on a down-stream task to be able to use it for predictions and inference.
Current Iteration:  1

Loading pipeline components...: 100%|█████████████████████████████████████████████████████████████████████████████████████████████████████████| 6/6 [00:01<00:00,  3.70it/s]
ave_score: 13.895303010940552
result_candidate:  'a picture depicting an astronaut atop a horse on the planet Mars' result_score:  13.895303010940552
Current Iteration:  2

Loading pipeline components...: 100%|█████████████████████████████████████████████████████████████████████████████████████████████████████████| 6/6 [00:02<00:00,  2.94it/s]
ave_score: 34.39568877220154
result_candidate:  An image showing an astronaut riding a horse on the planet Mars. result_score:  34.39568877220154
Current Iteration:  3
Loading pipeline components...:  33%|███████████████████████████████████                                                                      | 2/6 [00:01<00:02,  1.99it/s]
ave_score: 14.288385212421417
result_candidate:  An image showing an astronaut riding a horse on the planet Mars. result_score:  34.39568877220154

Loading pipeline components...: 100%|█████████████████████████████████████████████████████████████████████████████████████████████████████████| 6/6 [00:01<00:00,  3.62it/s]
Loading pipeline components...: 100%|█████████████████████████████████████████████████████████████████████████████████████████████████████████| 6/6 [00:01<00:00,  5.88it/s]
ave_score: 35.76273322105408
result_candidate:  An astronaut can be seen riding a horse on the planet Mars in the image. result_score:  35.76273322105408
Current Iteration:  5
Loading pipeline components...:  17%|█████████████████▌                                                                                       | 1/6 [00:00<00:00,  6.10it/s]
ave_score: 19.646020233631134
result_candidate:  An astronaut can be seen riding a horse on the planet Mars in the image. result_score:  35.76273322105408

Loading pipeline components...: 100%|█████████████████████████████████████████████████████████████████████████████████████████████████████████| 6/6 [00:01<00:00,  5.44it/s]
Traceback (most recent call last):
  File "/home/wenhesun/anaconda3/envs/stable-diffusion/lib/python3.9/site-packages/tenacity/__init__.py", line 382, in __call__
    result = fn(*args, **kwargs)
  File "/home/wenhesun/Plum/trainers/Pic_HC_trainer.py", line 197, in gpt_rephraser
    response = openai.Completion.create(
  File "/home/wenhesun/anaconda3/envs/stable-diffusion/lib/python3.9/site-packages/openai/api_resources/completion.py", line 31, in create
    return super().create(*args, **kwargs)
  File "/home/wenhesun/anaconda3/envs/stable-diffusion/lib/python3.9/site-packages/openai/api_resources/abstract/engine_api_resource.py", line 65, in create
    response, _, api_key = requestor.request(
  File "/home/wenhesun/anaconda3/envs/stable-diffusion/lib/python3.9/site-packages/openai/api_requestor.py", line 107, in request
    resp, got_stream = self._interpret_response(result, stream)
  File "/home/wenhesun/anaconda3/envs/stable-diffusion/lib/python3.9/site-packages/openai/api_requestor.py", line 292, in _interpret_response
    self._interpret_response_line(
  File "/home/wenhesun/anaconda3/envs/stable-diffusion/lib/python3.9/site-packages/openai/api_requestor.py", line 318, in _interpret_response_line
    raise self.handle_error_response(
openai.error.RateLimitError: Rate limit reached for organization org-TrMvaBcW13Tv8dZS4v2QQWCI on requests per min (RPM): Limit 3, Used 3, Requested 1. Please try again in 20s. Visit https://platform.openai.com/account/rate-limits to learn more. You can increase your rate limit by adding a payment method to your account at https://platform.openai.com/account/billing.
The above exception was the direct cause of the following exception:
Traceback (most recent call last):
  File "/home/wenhesun/Plum/pic_score_main.py", line 72, in <module>
    main(args)
  File "/home/wenhesun/Plum/pic_score_main.py", line 18, in main
    trainer.train(args)
  File "/home/wenhesun/Plum/trainers/Pic_HC_trainer.py", line 287, in train
    best_candidate = self.gpt_rephraser(base_candidate, args)
  File "/home/wenhesun/anaconda3/envs/stable-diffusion/lib/python3.9/site-packages/tenacity/__init__.py", line 289, in wrapped_f
    return self(f, *args, **kw)
  File "/home/wenhesun/anaconda3/envs/stable-diffusion/lib/python3.9/site-packages/tenacity/__init__.py", line 379, in __call__
    do = self.iter(retry_state=retry_state)
  File "/home/wenhesun/anaconda3/envs/stable-diffusion/lib/python3.9/site-packages/tenacity/__init__.py", line 326, in iter
    raise retry_exc from fut.exception()
tenacity.RetryError: RetryError[<Future at 0x7f6b444d6f10 state=finished raised RateLimitError>]