2024-02-07 10:21:45,784 INFO    MainThread:1092785 [internal.py:wandb_internal():90] W&B internal server running at pid: 1092785, started at: 2024-02-07 10:21:45.784537
2024-02-07 10:21:45,787 INFO    WriterThread:1092785 [datastore.py:open_for_write():75] open: /home/wenhesun/Plum/wandb/run-20240207_102145-ws37cbd3/run-ws37cbd3.wandb
2024-02-07 10:21:45,789 DEBUG   SenderThread:1092785 [sender.py:send():236] send: header
2024-02-07 10:21:45,790 DEBUG   SenderThread:1092785 [sender.py:send():236] send: run
2024-02-07 10:21:46,574 DEBUG   HandlerThread:1092785 [handler.py:handle_request():140] handle_request: check_version
2024-02-07 10:21:46,577 INFO    SenderThread:1092785 [dir_watcher.py:__init__():216] watching files in: /home/wenhesun/Plum/wandb/run-20240207_102145-ws37cbd3/files
2024-02-07 10:21:46,577 INFO    SenderThread:1092785 [sender.py:_start_run_threads():815] run started: ws37cbd3 with start time 1707301305
2024-02-07 10:21:46,578 DEBUG   SenderThread:1092785 [sender.py:send():236] send: summary
2024-02-07 10:21:46,578 INFO    SenderThread:1092785 [sender.py:_save_file():952] saving file wandb-summary.json with policy end
2024-02-07 10:21:46,578 DEBUG   SenderThread:1092785 [sender.py:send_request():250] send_request: check_version
2024-02-07 10:21:47,579 INFO    Thread-7  :1092785 [dir_watcher.py:_on_file_created():269] file/dir created: /home/wenhesun/Plum/wandb/run-20240207_102145-ws37cbd3/files/wandb-summary.json
2024-02-07 10:21:47,581 DEBUG   HandlerThread:1092785 [handler.py:handle_request():140] handle_request: run_start
2024-02-07 10:21:47,615 DEBUG   HandlerThread:1092785 [meta.py:__init__():35] meta init
2024-02-07 10:21:47,615 DEBUG   HandlerThread:1092785 [meta.py:__init__():49] meta init done
2024-02-07 10:21:47,615 DEBUG   HandlerThread:1092785 [meta.py:probe():209] probe
2024-02-07 10:21:47,629 DEBUG   HandlerThread:1092785 [meta.py:_setup_git():199] setup git
2024-02-07 10:21:47,647 DEBUG   HandlerThread:1092785 [meta.py:_setup_git():206] setup git done
2024-02-07 10:21:47,647 DEBUG   HandlerThread:1092785 [meta.py:_save_pip():53] save pip
2024-02-07 10:21:47,648 DEBUG   HandlerThread:1092785 [meta.py:_save_pip():67] save pip done
2024-02-07 10:21:47,648 DEBUG   HandlerThread:1092785 [meta.py:_save_conda():74] save conda
2024-02-07 10:21:48,581 INFO    Thread-7  :1092785 [dir_watcher.py:_on_file_created():269] file/dir created: /home/wenhesun/Plum/wandb/run-20240207_102145-ws37cbd3/files/requirements.txt
2024-02-07 10:21:48,582 INFO    Thread-7  :1092785 [dir_watcher.py:_on_file_created():269] file/dir created: /home/wenhesun/Plum/wandb/run-20240207_102145-ws37cbd3/files/conda-environment.yaml
2024-02-07 10:21:49,290 DEBUG   HandlerThread:1092785 [meta.py:_save_conda():84] save conda done
2024-02-07 10:21:49,290 DEBUG   HandlerThread:1092785 [meta.py:probe():247] probe done
2024-02-07 10:21:49,327 DEBUG   SenderThread:1092785 [sender.py:send():236] send: files
2024-02-07 10:21:49,328 INFO    SenderThread:1092785 [sender.py:_save_file():952] saving file wandb-metadata.json with policy now
2024-02-07 10:21:49,334 DEBUG   HandlerThread:1092785 [handler.py:handle_request():140] handle_request: stop_status
2024-02-07 10:21:49,334 DEBUG   SenderThread:1092785 [sender.py:send_request():250] send_request: stop_status
2024-02-07 10:21:49,581 INFO    Thread-7  :1092785 [dir_watcher.py:_on_file_modified():286] file/dir modified: /home/wenhesun/Plum/wandb/run-20240207_102145-ws37cbd3/files/conda-environment.yaml
2024-02-07 10:21:49,582 INFO    Thread-7  :1092785 [dir_watcher.py:_on_file_created():269] file/dir created: /home/wenhesun/Plum/wandb/run-20240207_102145-ws37cbd3/files/output.log
2024-02-07 10:21:49,582 INFO    Thread-7  :1092785 [dir_watcher.py:_on_file_created():269] file/dir created: /home/wenhesun/Plum/wandb/run-20240207_102145-ws37cbd3/files/wandb-metadata.json
2024-02-07 10:21:50,540 INFO    Thread-11 :1092785 [upload_job.py:push():138] Uploaded file /tmp/tmp65k792yrwandb/9qmjm4fv-wandb-metadata.json
2024-02-07 10:21:50,874 DEBUG   SenderThread:1092785 [sender.py:send():236] send: telemetry
2024-02-07 10:21:50,875 DEBUG   SenderThread:1092785 [sender.py:send():236] send: config
2024-02-07 10:21:53,583 INFO    Thread-7  :1092785 [dir_watcher.py:_on_file_modified():286] file/dir modified: /home/wenhesun/Plum/wandb/run-20240207_102145-ws37cbd3/files/output.log
2024-02-07 10:21:55,584 INFO    Thread-7  :1092785 [dir_watcher.py:_on_file_modified():286] file/dir modified: /home/wenhesun/Plum/wandb/run-20240207_102145-ws37cbd3/files/output.log
2024-02-07 10:21:57,585 INFO    Thread-7  :1092785 [dir_watcher.py:_on_file_modified():286] file/dir modified: /home/wenhesun/Plum/wandb/run-20240207_102145-ws37cbd3/files/output.log
2024-02-07 10:21:59,585 INFO    Thread-7  :1092785 [dir_watcher.py:_on_file_modified():286] file/dir modified: /home/wenhesun/Plum/wandb/run-20240207_102145-ws37cbd3/files/output.log
2024-02-07 10:22:01,586 INFO    Thread-7  :1092785 [dir_watcher.py:_on_file_modified():286] file/dir modified: /home/wenhesun/Plum/wandb/run-20240207_102145-ws37cbd3/files/output.log
2024-02-07 10:22:03,587 INFO    Thread-7  :1092785 [dir_watcher.py:_on_file_modified():286] file/dir modified: /home/wenhesun/Plum/wandb/run-20240207_102145-ws37cbd3/files/output.log
2024-02-07 10:22:05,588 INFO    Thread-7  :1092785 [dir_watcher.py:_on_file_modified():286] file/dir modified: /home/wenhesun/Plum/wandb/run-20240207_102145-ws37cbd3/files/output.log
2024-02-07 10:22:05,876 DEBUG   HandlerThread:1092785 [handler.py:handle_request():140] handle_request: stop_status
2024-02-07 10:22:05,876 DEBUG   SenderThread:1092785 [sender.py:send_request():250] send_request: stop_status
2024-02-07 10:22:07,590 INFO    Thread-7  :1092785 [dir_watcher.py:_on_file_modified():286] file/dir modified: /home/wenhesun/Plum/wandb/run-20240207_102145-ws37cbd3/files/output.log
2024-02-07 10:22:09,591 INFO    Thread-7  :1092785 [dir_watcher.py:_on_file_modified():286] file/dir modified: /home/wenhesun/Plum/wandb/run-20240207_102145-ws37cbd3/files/output.log
2024-02-07 10:22:11,591 INFO    Thread-7  :1092785 [dir_watcher.py:_on_file_modified():286] file/dir modified: /home/wenhesun/Plum/wandb/run-20240207_102145-ws37cbd3/files/output.log
2024-02-07 10:22:13,592 INFO    Thread-7  :1092785 [dir_watcher.py:_on_file_modified():286] file/dir modified: /home/wenhesun/Plum/wandb/run-20240207_102145-ws37cbd3/files/output.log
2024-02-07 10:22:15,593 INFO    Thread-7  :1092785 [dir_watcher.py:_on_file_modified():286] file/dir modified: /home/wenhesun/Plum/wandb/run-20240207_102145-ws37cbd3/files/output.log
2024-02-07 10:22:17,594 INFO    Thread-7  :1092785 [dir_watcher.py:_on_file_modified():286] file/dir modified: /home/wenhesun/Plum/wandb/run-20240207_102145-ws37cbd3/files/output.log
2024-02-07 10:22:17,594 INFO    Thread-7  :1092785 [dir_watcher.py:_on_file_modified():286] file/dir modified: /home/wenhesun/Plum/wandb/run-20240207_102145-ws37cbd3/files/config.yaml
2024-02-07 10:22:18,515 DEBUG   SenderThread:1092785 [sender.py:send():236] send: stats
2024-02-07 10:22:19,594 INFO    Thread-7  :1092785 [dir_watcher.py:_on_file_modified():286] file/dir modified: /home/wenhesun/Plum/wandb/run-20240207_102145-ws37cbd3/files/output.log
2024-02-07 10:22:21,590 DEBUG   HandlerThread:1092785 [handler.py:handle_request():140] handle_request: stop_status
2024-02-07 10:22:21,591 DEBUG   SenderThread:1092785 [sender.py:send_request():250] send_request: stop_status
2024-02-07 10:22:21,595 INFO    Thread-7  :1092785 [dir_watcher.py:_on_file_modified():286] file/dir modified: /home/wenhesun/Plum/wandb/run-20240207_102145-ws37cbd3/files/output.log
2024-02-07 10:22:23,596 INFO    Thread-7  :1092785 [dir_watcher.py:_on_file_modified():286] file/dir modified: /home/wenhesun/Plum/wandb/run-20240207_102145-ws37cbd3/files/output.log
2024-02-07 10:22:25,597 INFO    Thread-7  :1092785 [dir_watcher.py:_on_file_modified():286] file/dir modified: /home/wenhesun/Plum/wandb/run-20240207_102145-ws37cbd3/files/output.log
2024-02-07 10:22:27,598 INFO    Thread-7  :1092785 [dir_watcher.py:_on_file_modified():286] file/dir modified: /home/wenhesun/Plum/wandb/run-20240207_102145-ws37cbd3/files/output.log
2024-02-07 10:22:29,911 DEBUG   HandlerThread:1092785 [handler.py:handle_request():140] handle_request: partial_history
2024-02-07 10:22:29,912 DEBUG   HandlerThread:1092785 [handler.py:handle_request():140] handle_request: partial_history
2024-02-07 10:22:29,913 DEBUG   SenderThread:1092785 [sender.py:send():236] send: history
2024-02-07 10:22:29,913 DEBUG   SenderThread:1092785 [sender.py:send():236] send: summary
2024-02-07 10:22:29,916 INFO    SenderThread:1092785 [sender.py:_save_file():952] saving file wandb-summary.json with policy end
2024-02-07 10:22:29,916 DEBUG   SenderThread:1092785 [sender.py:send():236] send: history
2024-02-07 10:22:29,916 DEBUG   SenderThread:1092785 [sender.py:send():236] send: summary
2024-02-07 10:22:29,916 INFO    SenderThread:1092785 [sender.py:_save_file():952] saving file wandb-summary.json with policy end
2024-02-07 10:22:30,599 INFO    Thread-7  :1092785 [dir_watcher.py:_on_file_modified():286] file/dir modified: /home/wenhesun/Plum/wandb/run-20240207_102145-ws37cbd3/files/wandb-summary.json
2024-02-07 10:22:31,600 INFO    Thread-7  :1092785 [dir_watcher.py:_on_file_modified():286] file/dir modified: /home/wenhesun/Plum/wandb/run-20240207_102145-ws37cbd3/files/output.log
2024-02-07 10:22:33,368 WARNING MainThread:1092785 [internal.py:wandb_internal():153] Internal process interrupt: 1
2024-02-07 10:22:33,375 DEBUG   SenderThread:1092785 [sender.py:send():236] send: telemetry
2024-02-07 10:22:33,600 INFO    Thread-7  :1092785 [dir_watcher.py:_on_file_modified():286] file/dir modified: /home/wenhesun/Plum/wandb/run-20240207_102145-ws37cbd3/files/output.log
2024-02-07 10:22:35,529 DEBUG   HandlerThread:1092785 [handler.py:handle_request():140] handle_request: poll_exit
2024-02-07 10:22:35,529 DEBUG   SenderThread:1092785 [sender.py:send():236] send: exit
2024-02-07 10:22:35,529 INFO    SenderThread:1092785 [sender.py:send_exit():372] handling exit code: 255
2024-02-07 10:22:35,530 INFO    SenderThread:1092785 [sender.py:send_exit():374] handling runtime: 47
2024-02-07 10:22:35,530 INFO    SenderThread:1092785 [sender.py:_save_file():952] saving file wandb-summary.json with policy end
2024-02-07 10:22:35,531 INFO    SenderThread:1092785 [sender.py:send_exit():380] send defer
2024-02-07 10:22:35,531 DEBUG   SenderThread:1092785 [sender.py:send_request():250] send_request: poll_exit
2024-02-07 10:22:35,532 DEBUG   HandlerThread:1092785 [handler.py:handle_request():140] handle_request: defer
2024-02-07 10:22:35,532 INFO    HandlerThread:1092785 [handler.py:handle_request_defer():163] handle defer: 0
2024-02-07 10:22:35,532 DEBUG   SenderThread:1092785 [sender.py:send_request():250] send_request: defer
2024-02-07 10:22:35,532 INFO    SenderThread:1092785 [sender.py:send_request_defer():389] handle sender defer: 0
2024-02-07 10:22:35,533 INFO    SenderThread:1092785 [sender.py:transition_state():393] send defer: 1
2024-02-07 10:22:35,533 DEBUG   HandlerThread:1092785 [handler.py:handle_request():140] handle_request: defer
2024-02-07 10:22:35,533 INFO    HandlerThread:1092785 [handler.py:handle_request_defer():163] handle defer: 1
2024-02-07 10:22:35,601 INFO    Thread-7  :1092785 [dir_watcher.py:_on_file_modified():286] file/dir modified: /home/wenhesun/Plum/wandb/run-20240207_102145-ws37cbd3/files/wandb-summary.json
2024-02-07 10:22:35,601 INFO    Thread-7  :1092785 [dir_watcher.py:_on_file_modified():286] file/dir modified: /home/wenhesun/Plum/wandb/run-20240207_102145-ws37cbd3/files/output.log
2024-02-07 10:22:35,672 DEBUG   SenderThread:1092785 [sender.py:send_request():250] send_request: defer
2024-02-07 10:22:35,672 INFO    SenderThread:1092785 [sender.py:send_request_defer():389] handle sender defer: 1
2024-02-07 10:22:35,672 INFO    SenderThread:1092785 [sender.py:transition_state():393] send defer: 2
2024-02-07 10:22:35,672 DEBUG   HandlerThread:1092785 [handler.py:handle_request():140] handle_request: poll_exit
2024-02-07 10:22:35,672 DEBUG   HandlerThread:1092785 [handler.py:handle_request():140] handle_request: defer
2024-02-07 10:22:35,672 INFO    HandlerThread:1092785 [handler.py:handle_request_defer():163] handle defer: 2
2024-02-07 10:22:35,673 DEBUG   SenderThread:1092785 [sender.py:send_request():250] send_request: poll_exit
2024-02-07 10:22:35,673 DEBUG   SenderThread:1092785 [sender.py:send():236] send: stats
2024-02-07 10:22:35,673 DEBUG   SenderThread:1092785 [sender.py:send_request():250] send_request: defer
2024-02-07 10:22:35,673 INFO    SenderThread:1092785 [sender.py:send_request_defer():389] handle sender defer: 2
2024-02-07 10:22:35,673 INFO    SenderThread:1092785 [sender.py:transition_state():393] send defer: 3
2024-02-07 10:22:35,674 DEBUG   HandlerThread:1092785 [handler.py:handle_request():140] handle_request: defer
2024-02-07 10:22:35,674 INFO    HandlerThread:1092785 [handler.py:handle_request_defer():163] handle defer: 3
2024-02-07 10:22:35,674 DEBUG   SenderThread:1092785 [sender.py:send_request():250] send_request: defer
2024-02-07 10:22:35,674 INFO    SenderThread:1092785 [sender.py:send_request_defer():389] handle sender defer: 3
2024-02-07 10:22:35,674 INFO    SenderThread:1092785 [sender.py:transition_state():393] send defer: 4
2024-02-07 10:22:35,675 DEBUG   HandlerThread:1092785 [handler.py:handle_request():140] handle_request: defer
2024-02-07 10:22:35,675 INFO    HandlerThread:1092785 [handler.py:handle_request_defer():163] handle defer: 4
2024-02-07 10:22:35,675 DEBUG   SenderThread:1092785 [sender.py:send():236] send: summary
2024-02-07 10:22:35,675 INFO    SenderThread:1092785 [sender.py:_save_file():952] saving file wandb-summary.json with policy end
2024-02-07 10:22:35,676 DEBUG   SenderThread:1092785 [sender.py:send_request():250] send_request: defer
2024-02-07 10:22:35,676 INFO    SenderThread:1092785 [sender.py:send_request_defer():389] handle sender defer: 4
2024-02-07 10:22:35,676 INFO    SenderThread:1092785 [sender.py:transition_state():393] send defer: 5
2024-02-07 10:22:35,676 DEBUG   HandlerThread:1092785 [handler.py:handle_request():140] handle_request: defer
2024-02-07 10:22:35,676 INFO    HandlerThread:1092785 [handler.py:handle_request_defer():163] handle defer: 5
2024-02-07 10:22:35,676 DEBUG   SenderThread:1092785 [sender.py:send_request():250] send_request: defer
2024-02-07 10:22:35,676 INFO    SenderThread:1092785 [sender.py:send_request_defer():389] handle sender defer: 5
2024-02-07 10:22:35,775 DEBUG   HandlerThread:1092785 [handler.py:handle_request():140] handle_request: poll_exit
2024-02-07 10:22:36,418 INFO    SenderThread:1092785 [sender.py:transition_state():393] send defer: 6
2024-02-07 10:22:36,418 DEBUG   SenderThread:1092785 [sender.py:send_request():250] send_request: poll_exit
2024-02-07 10:22:36,418 DEBUG   HandlerThread:1092785 [handler.py:handle_request():140] handle_request: defer
2024-02-07 10:22:36,418 INFO    HandlerThread:1092785 [handler.py:handle_request_defer():163] handle defer: 6
2024-02-07 10:22:36,419 DEBUG   SenderThread:1092785 [sender.py:send_request():250] send_request: defer
2024-02-07 10:22:36,419 INFO    SenderThread:1092785 [sender.py:send_request_defer():389] handle sender defer: 6
2024-02-07 10:22:36,419 INFO    SenderThread:1092785 [dir_watcher.py:finish():353] shutting down directory watcher
2024-02-07 10:22:36,520 DEBUG   HandlerThread:1092785 [handler.py:handle_request():140] handle_request: poll_exit
2024-02-07 10:22:36,601 INFO    Thread-7  :1092785 [dir_watcher.py:_on_file_modified():286] file/dir modified: /home/wenhesun/Plum/wandb/run-20240207_102145-ws37cbd3/files/wandb-summary.json
2024-02-07 10:22:36,602 INFO    SenderThread:1092785 [dir_watcher.py:_on_file_modified():286] file/dir modified: /home/wenhesun/Plum/wandb/run-20240207_102145-ws37cbd3/files/config.yaml
2024-02-07 10:22:36,602 INFO    SenderThread:1092785 [dir_watcher.py:finish():383] scan: /home/wenhesun/Plum/wandb/run-20240207_102145-ws37cbd3/files
2024-02-07 10:22:36,602 INFO    SenderThread:1092785 [dir_watcher.py:finish():397] scan save: /home/wenhesun/Plum/wandb/run-20240207_102145-ws37cbd3/files/wandb-summary.json wandb-summary.json
2024-02-07 10:22:36,603 INFO    SenderThread:1092785 [dir_watcher.py:finish():397] scan save: /home/wenhesun/Plum/wandb/run-20240207_102145-ws37cbd3/files/output.log output.log
2024-02-07 10:22:36,603 INFO    SenderThread:1092785 [dir_watcher.py:finish():397] scan save: /home/wenhesun/Plum/wandb/run-20240207_102145-ws37cbd3/files/config.yaml config.yaml
2024-02-07 10:22:36,612 INFO    SenderThread:1092785 [dir_watcher.py:finish():397] scan save: /home/wenhesun/Plum/wandb/run-20240207_102145-ws37cbd3/files/requirements.txt requirements.txt
2024-02-07 10:22:36,612 INFO    SenderThread:1092785 [dir_watcher.py:finish():397] scan save: /home/wenhesun/Plum/wandb/run-20240207_102145-ws37cbd3/files/conda-environment.yaml conda-environment.yaml
2024-02-07 10:22:36,616 INFO    SenderThread:1092785 [dir_watcher.py:finish():397] scan save: /home/wenhesun/Plum/wandb/run-20240207_102145-ws37cbd3/files/wandb-metadata.json wandb-metadata.json
2024-02-07 10:22:36,617 INFO    SenderThread:1092785 [sender.py:transition_state():393] send defer: 7
2024-02-07 10:22:36,617 DEBUG   SenderThread:1092785 [sender.py:send_request():250] send_request: poll_exit
2024-02-07 10:22:36,622 DEBUG   HandlerThread:1092785 [handler.py:handle_request():140] handle_request: defer
2024-02-07 10:22:36,622 INFO    HandlerThread:1092785 [handler.py:handle_request_defer():163] handle defer: 7
2024-02-07 10:22:36,626 DEBUG   SenderThread:1092785 [sender.py:send_request():250] send_request: defer
2024-02-07 10:22:36,626 INFO    SenderThread:1092785 [sender.py:send_request_defer():389] handle sender defer: 7
2024-02-07 10:22:36,627 INFO    SenderThread:1092785 [file_pusher.py:finish():171] shutting down file pusher
2024-02-07 10:22:36,723 DEBUG   HandlerThread:1092785 [handler.py:handle_request():140] handle_request: poll_exit
2024-02-07 10:22:36,723 DEBUG   SenderThread:1092785 [sender.py:send_request():250] send_request: poll_exit
2024-02-07 10:22:36,825 DEBUG   HandlerThread:1092785 [handler.py:handle_request():140] handle_request: poll_exit
2024-02-07 10:22:36,825 DEBUG   SenderThread:1092785 [sender.py:send_request():250] send_request: poll_exit
2024-02-07 10:22:36,926 DEBUG   HandlerThread:1092785 [handler.py:handle_request():140] handle_request: poll_exit
2024-02-07 10:22:36,927 DEBUG   SenderThread:1092785 [sender.py:send_request():250] send_request: poll_exit
2024-02-07 10:22:37,028 DEBUG   HandlerThread:1092785 [handler.py:handle_request():140] handle_request: poll_exit
2024-02-07 10:22:37,028 DEBUG   SenderThread:1092785 [sender.py:send_request():250] send_request: poll_exit
2024-02-07 10:22:37,130 DEBUG   HandlerThread:1092785 [handler.py:handle_request():140] handle_request: poll_exit
2024-02-07 10:22:37,130 DEBUG   SenderThread:1092785 [sender.py:send_request():250] send_request: poll_exit
2024-02-07 10:22:37,231 DEBUG   HandlerThread:1092785 [handler.py:handle_request():140] handle_request: poll_exit
2024-02-07 10:22:37,232 DEBUG   SenderThread:1092785 [sender.py:send_request():250] send_request: poll_exit
2024-02-07 10:22:37,333 DEBUG   HandlerThread:1092785 [handler.py:handle_request():140] handle_request: poll_exit
2024-02-07 10:22:37,334 DEBUG   SenderThread:1092785 [sender.py:send_request():250] send_request: poll_exit
2024-02-07 10:22:37,434 ERROR   Thread-13 :1092785 [internal_api.py:upload_file():1694] upload_file exception https://storage.googleapis.com/wandb-production.appspot.com/wenhesun576/evolutional-prompt/ws37cbd3/output.log?Expires=1707387757&GoogleAccessId=gorilla-files-url-signer-man%40wandb-production.iam.gserviceaccount.com&Signature=T62QsirdMIvFmgb1Rc6QNiOV9Foc3dyWx5VBhumgf8%2FWOE9SgwGktbw6V5Vh07OUKGFbSkUL7Ug0ZOSOgXH2%2Bh9hTNMBPv7liLDg%2BAtz%2FyDE2IlKjOu9woKW0u91lRjxGLw6dNT95ZdOrvFB7WXOBgFMau2zVICiBmFLUoOy6IIiuJ7ldBe5PYR0XDO0J6ky6mSYbsZdsKoX9lJ%2BO8OIj8qRcVu2Tg%2FZfdvomBM1dsYiE2YWZ4I%2Bc4UyE0sHBm2NiURGrv7K%2FwVvZlTy922LuBbobUFi%2FN2aSt0jNWN0ptcbTxBqrxSguLrx3ZjEo8mfTJTMOBm2m7ifw1zyjY39tg%3D%3D: ('Connection aborted.', ConnectionResetError(104, 'Connection reset by peer'))
2024-02-07 10:22:37,435 ERROR   Thread-13 :1092785 [internal_api.py:upload_file():1696] upload_file request headers: {'User-Agent': 'python-requests/2.31.0', 'Accept-Encoding': 'gzip, deflate, br', 'Accept': '*/*', 'Connection': 'keep-alive', 'Content-Length': '11249'}
2024-02-07 10:22:37,435 ERROR   Thread-13 :1092785 [internal_api.py:upload_file():1698] upload_file response body: 
2024-02-07 10:22:37,435 DEBUG   HandlerThread:1092785 [handler.py:handle_request():140] handle_request: poll_exit
2024-02-07 10:22:37,436 DEBUG   SenderThread:1092785 [sender.py:send_request():250] send_request: poll_exit
2024-02-07 10:22:37,470 ERROR   Thread-15 :1092785 [internal_api.py:upload_file():1694] upload_file exception https://storage.googleapis.com/wandb-production.appspot.com/wenhesun576/evolutional-prompt/ws37cbd3/requirements.txt?Expires=1707387757&GoogleAccessId=gorilla-files-url-signer-man%40wandb-production.iam.gserviceaccount.com&Signature=UGHY0ghzswl8D7iXUh%2B9pCQvkeOx3bT2WutBQNGAjnRFkqcQhNnszTt%2FwLMOedHT2HjhPgvtSBKxMJsS3Q9AWtrriB2grQ0rTw8Ks2RfXIBY0%2FILeK0WTl76CPB7uaOT9MCUZuP%2FfeDbO5%2FufGJkpVdByC3Xfr9gwSCTR60%2FbMxj9gPPndlxL4GP2M38tmDxxkLRDnQ5jWupqmpuDXj3QFBUafBPcjsu61wrEt%2BO2atNY4fjSI7GhYh8jh5EelPaM6HAo6VOM60uzR89%2Fft%2FxsBnY1nKPCZJFgJjvn3uUZqgj06kh4D%2BhF5xEhrok7L3omIsXgElwJuDvK7%2B052eQQ%3D%3D: ('Connection aborted.', ConnectionResetError(104, 'Connection reset by peer'))
2024-02-07 10:22:37,471 ERROR   Thread-15 :1092785 [internal_api.py:upload_file():1696] upload_file request headers: {'User-Agent': 'python-requests/2.31.0', 'Accept-Encoding': 'gzip, deflate, br', 'Accept': '*/*', 'Connection': 'keep-alive', 'Content-Length': '4518'}
2024-02-07 10:22:37,471 ERROR   Thread-15 :1092785 [internal_api.py:upload_file():1698] upload_file response body: 
2024-02-07 10:22:37,537 DEBUG   HandlerThread:1092785 [handler.py:handle_request():140] handle_request: poll_exit
2024-02-07 10:22:37,537 DEBUG   SenderThread:1092785 [sender.py:send_request():250] send_request: poll_exit
2024-02-07 10:22:37,639 DEBUG   HandlerThread:1092785 [handler.py:handle_request():140] handle_request: poll_exit
2024-02-07 10:22:37,639 DEBUG   SenderThread:1092785 [sender.py:send_request():250] send_request: poll_exit
2024-02-07 10:22:37,740 DEBUG   HandlerThread:1092785 [handler.py:handle_request():140] handle_request: poll_exit
2024-02-07 10:22:37,741 DEBUG   SenderThread:1092785 [sender.py:send_request():250] send_request: poll_exit
2024-02-07 10:22:37,842 DEBUG   HandlerThread:1092785 [handler.py:handle_request():140] handle_request: poll_exit
2024-02-07 10:22:37,842 DEBUG   SenderThread:1092785 [sender.py:send_request():250] send_request: poll_exit
2024-02-07 10:22:37,895 INFO    Thread-14 :1092785 [upload_job.py:push():138] Uploaded file /home/wenhesun/Plum/wandb/run-20240207_102145-ws37cbd3/files/config.yaml
2024-02-07 10:22:37,944 DEBUG   HandlerThread:1092785 [handler.py:handle_request():140] handle_request: poll_exit
2024-02-07 10:22:37,944 DEBUG   SenderThread:1092785 [sender.py:send_request():250] send_request: poll_exit
2024-02-07 10:22:37,970 INFO    Thread-12 :1092785 [upload_job.py:push():138] Uploaded file /home/wenhesun/Plum/wandb/run-20240207_102145-ws37cbd3/files/wandb-summary.json
2024-02-07 10:22:37,977 INFO    Thread-16 :1092785 [upload_job.py:push():138] Uploaded file /home/wenhesun/Plum/wandb/run-20240207_102145-ws37cbd3/files/conda-environment.yaml
2024-02-07 10:22:38,046 DEBUG   HandlerThread:1092785 [handler.py:handle_request():140] handle_request: poll_exit
2024-02-07 10:22:38,046 DEBUG   SenderThread:1092785 [sender.py:send_request():250] send_request: poll_exit
2024-02-07 10:22:38,147 DEBUG   HandlerThread:1092785 [handler.py:handle_request():140] handle_request: poll_exit
2024-02-07 10:22:38,148 DEBUG   SenderThread:1092785 [sender.py:send_request():250] send_request: poll_exit
2024-02-07 10:22:38,249 DEBUG   HandlerThread:1092785 [handler.py:handle_request():140] handle_request: poll_exit
2024-02-07 10:22:38,249 DEBUG   SenderThread:1092785 [sender.py:send_request():250] send_request: poll_exit
2024-02-07 10:22:38,351 DEBUG   HandlerThread:1092785 [handler.py:handle_request():140] handle_request: poll_exit
2024-02-07 10:22:38,351 DEBUG   SenderThread:1092785 [sender.py:send_request():250] send_request: poll_exit
2024-02-07 10:22:38,453 DEBUG   HandlerThread:1092785 [handler.py:handle_request():140] handle_request: poll_exit
2024-02-07 10:22:38,453 DEBUG   SenderThread:1092785 [sender.py:send_request():250] send_request: poll_exit
2024-02-07 10:22:38,555 DEBUG   HandlerThread:1092785 [handler.py:handle_request():140] handle_request: poll_exit
2024-02-07 10:22:38,555 DEBUG   SenderThread:1092785 [sender.py:send_request():250] send_request: poll_exit
2024-02-07 10:22:38,657 DEBUG   HandlerThread:1092785 [handler.py:handle_request():140] handle_request: poll_exit
2024-02-07 10:22:38,657 DEBUG   SenderThread:1092785 [sender.py:send_request():250] send_request: poll_exit
2024-02-07 10:22:38,683 ERROR   Thread-15 :1092785 [internal_api.py:upload_file():1694] upload_file exception https://storage.googleapis.com/wandb-production.appspot.com/wenhesun576/evolutional-prompt/ws37cbd3/requirements.txt?Expires=1707387757&GoogleAccessId=gorilla-files-url-signer-man%40wandb-production.iam.gserviceaccount.com&Signature=UGHY0ghzswl8D7iXUh%2B9pCQvkeOx3bT2WutBQNGAjnRFkqcQhNnszTt%2FwLMOedHT2HjhPgvtSBKxMJsS3Q9AWtrriB2grQ0rTw8Ks2RfXIBY0%2FILeK0WTl76CPB7uaOT9MCUZuP%2FfeDbO5%2FufGJkpVdByC3Xfr9gwSCTR60%2FbMxj9gPPndlxL4GP2M38tmDxxkLRDnQ5jWupqmpuDXj3QFBUafBPcjsu61wrEt%2BO2atNY4fjSI7GhYh8jh5EelPaM6HAo6VOM60uzR89%2Fft%2FxsBnY1nKPCZJFgJjvn3uUZqgj06kh4D%2BhF5xEhrok7L3omIsXgElwJuDvK7%2B052eQQ%3D%3D: ('Connection aborted.', ConnectionResetError(104, 'Connection reset by peer'))
2024-02-07 10:22:38,683 ERROR   Thread-15 :1092785 [internal_api.py:upload_file():1696] upload_file request headers: {'User-Agent': 'python-requests/2.31.0', 'Accept-Encoding': 'gzip, deflate, br', 'Accept': '*/*', 'Connection': 'keep-alive', 'Content-Length': '4518'}
2024-02-07 10:22:38,683 ERROR   Thread-15 :1092785 [internal_api.py:upload_file():1698] upload_file response body: 
2024-02-07 10:22:38,684 ERROR   Thread-15 :1092785 [retry.py:__call__():132] Retry attempt failed:
Traceback (most recent call last):
  File "/home/wenhesun/anaconda3/envs/stable-diffusion/lib/python3.9/site-packages/urllib3/connectionpool.py", line 714, in urlopen
    httplib_response = self._make_request(
  File "/home/wenhesun/anaconda3/envs/stable-diffusion/lib/python3.9/site-packages/urllib3/connectionpool.py", line 403, in _make_request
    self._validate_conn(conn)
  File "/home/wenhesun/anaconda3/envs/stable-diffusion/lib/python3.9/site-packages/urllib3/connectionpool.py", line 1053, in _validate_conn
    conn.connect()
  File "/home/wenhesun/anaconda3/envs/stable-diffusion/lib/python3.9/site-packages/urllib3/connection.py", line 419, in connect
    self.sock = ssl_wrap_socket(
  File "/home/wenhesun/anaconda3/envs/stable-diffusion/lib/python3.9/site-packages/urllib3/util/ssl_.py", line 449, in ssl_wrap_socket
    ssl_sock = _ssl_wrap_socket_impl(
  File "/home/wenhesun/anaconda3/envs/stable-diffusion/lib/python3.9/site-packages/urllib3/util/ssl_.py", line 493, in _ssl_wrap_socket_impl
    return ssl_context.wrap_socket(sock, server_hostname=server_hostname)
  File "/home/wenhesun/anaconda3/envs/stable-diffusion/lib/python3.9/ssl.py", line 500, in wrap_socket
    return self.sslsocket_class._create(
  File "/home/wenhesun/anaconda3/envs/stable-diffusion/lib/python3.9/ssl.py", line 1040, in _create
    self.do_handshake()
  File "/home/wenhesun/anaconda3/envs/stable-diffusion/lib/python3.9/ssl.py", line 1309, in do_handshake
    self._sslobj.do_handshake()
ConnectionResetError: [Errno 104] Connection reset by peer

During handling of the above exception, another exception occurred:

Traceback (most recent call last):
  File "/home/wenhesun/anaconda3/envs/stable-diffusion/lib/python3.9/site-packages/requests/adapters.py", line 486, in send
    resp = conn.urlopen(
  File "/home/wenhesun/anaconda3/envs/stable-diffusion/lib/python3.9/site-packages/urllib3/connectionpool.py", line 798, in urlopen
    retries = retries.increment(
  File "/home/wenhesun/anaconda3/envs/stable-diffusion/lib/python3.9/site-packages/urllib3/util/retry.py", line 550, in increment
    raise six.reraise(type(error), error, _stacktrace)
  File "/home/wenhesun/anaconda3/envs/stable-diffusion/lib/python3.9/site-packages/urllib3/packages/six.py", line 769, in reraise
    raise value.with_traceback(tb)
  File "/home/wenhesun/anaconda3/envs/stable-diffusion/lib/python3.9/site-packages/urllib3/connectionpool.py", line 714, in urlopen
    httplib_response = self._make_request(
  File "/home/wenhesun/anaconda3/envs/stable-diffusion/lib/python3.9/site-packages/urllib3/connectionpool.py", line 403, in _make_request
    self._validate_conn(conn)
  File "/home/wenhesun/anaconda3/envs/stable-diffusion/lib/python3.9/site-packages/urllib3/connectionpool.py", line 1053, in _validate_conn
    conn.connect()
  File "/home/wenhesun/anaconda3/envs/stable-diffusion/lib/python3.9/site-packages/urllib3/connection.py", line 419, in connect
    self.sock = ssl_wrap_socket(
  File "/home/wenhesun/anaconda3/envs/stable-diffusion/lib/python3.9/site-packages/urllib3/util/ssl_.py", line 449, in ssl_wrap_socket
    ssl_sock = _ssl_wrap_socket_impl(
  File "/home/wenhesun/anaconda3/envs/stable-diffusion/lib/python3.9/site-packages/urllib3/util/ssl_.py", line 493, in _ssl_wrap_socket_impl
    return ssl_context.wrap_socket(sock, server_hostname=server_hostname)
  File "/home/wenhesun/anaconda3/envs/stable-diffusion/lib/python3.9/ssl.py", line 500, in wrap_socket
    return self.sslsocket_class._create(
  File "/home/wenhesun/anaconda3/envs/stable-diffusion/lib/python3.9/ssl.py", line 1040, in _create
    self.do_handshake()
  File "/home/wenhesun/anaconda3/envs/stable-diffusion/lib/python3.9/ssl.py", line 1309, in do_handshake
    self._sslobj.do_handshake()
urllib3.exceptions.ProtocolError: ('Connection aborted.', ConnectionResetError(104, 'Connection reset by peer'))

During handling of the above exception, another exception occurred:

Traceback (most recent call last):
  File "/home/wenhesun/anaconda3/envs/stable-diffusion/lib/python3.9/site-packages/wandb/sdk/internal/internal_api.py", line 1691, in upload_file
    response = requests.put(url, data=progress, headers=extra_headers)
  File "/home/wenhesun/anaconda3/envs/stable-diffusion/lib/python3.9/site-packages/requests/api.py", line 130, in put
    return request("put", url, data=data, **kwargs)
  File "/home/wenhesun/anaconda3/envs/stable-diffusion/lib/python3.9/site-packages/requests/api.py", line 59, in request
    return session.request(method=method, url=url, **kwargs)
  File "/home/wenhesun/anaconda3/envs/stable-diffusion/lib/python3.9/site-packages/requests/sessions.py", line 589, in request
    resp = self.send(prep, **send_kwargs)
  File "/home/wenhesun/anaconda3/envs/stable-diffusion/lib/python3.9/site-packages/requests/sessions.py", line 703, in send
    r = adapter.send(request, **kwargs)
  File "/home/wenhesun/anaconda3/envs/stable-diffusion/lib/python3.9/site-packages/requests/adapters.py", line 501, in send
    raise ConnectionError(err, request=request)
requests.exceptions.ConnectionError: ('Connection aborted.', ConnectionResetError(104, 'Connection reset by peer'))

During handling of the above exception, another exception occurred:

Traceback (most recent call last):
  File "/home/wenhesun/anaconda3/envs/stable-diffusion/lib/python3.9/site-packages/wandb/sdk/lib/retry.py", line 108, in __call__
    result = self._call_fn(*args, **kwargs)
  File "/home/wenhesun/anaconda3/envs/stable-diffusion/lib/python3.9/site-packages/wandb/sdk/internal/internal_api.py", line 1707, in upload_file
    raise e.with_traceback(sys.exc_info()[2])
  File "/home/wenhesun/anaconda3/envs/stable-diffusion/lib/python3.9/site-packages/wandb/sdk/internal/internal_api.py", line 1691, in upload_file
    response = requests.put(url, data=progress, headers=extra_headers)
  File "/home/wenhesun/anaconda3/envs/stable-diffusion/lib/python3.9/site-packages/requests/api.py", line 130, in put
    return request("put", url, data=data, **kwargs)
  File "/home/wenhesun/anaconda3/envs/stable-diffusion/lib/python3.9/site-packages/requests/api.py", line 59, in request
    return session.request(method=method, url=url, **kwargs)
  File "/home/wenhesun/anaconda3/envs/stable-diffusion/lib/python3.9/site-packages/requests/sessions.py", line 589, in request
    resp = self.send(prep, **send_kwargs)
  File "/home/wenhesun/anaconda3/envs/stable-diffusion/lib/python3.9/site-packages/requests/sessions.py", line 703, in send
    r = adapter.send(request, **kwargs)
  File "/home/wenhesun/anaconda3/envs/stable-diffusion/lib/python3.9/site-packages/requests/adapters.py", line 501, in send
    raise ConnectionError(err, request=request)
wandb.sdk.lib.retry.TransientError: None
2024-02-07 10:22:38,753 ERROR   Thread-13 :1092785 [internal_api.py:upload_file():1694] upload_file exception https://storage.googleapis.com/wandb-production.appspot.com/wenhesun576/evolutional-prompt/ws37cbd3/output.log?Expires=1707387757&GoogleAccessId=gorilla-files-url-signer-man%40wandb-production.iam.gserviceaccount.com&Signature=T62QsirdMIvFmgb1Rc6QNiOV9Foc3dyWx5VBhumgf8%2FWOE9SgwGktbw6V5Vh07OUKGFbSkUL7Ug0ZOSOgXH2%2Bh9hTNMBPv7liLDg%2BAtz%2FyDE2IlKjOu9woKW0u91lRjxGLw6dNT95ZdOrvFB7WXOBgFMau2zVICiBmFLUoOy6IIiuJ7ldBe5PYR0XDO0J6ky6mSYbsZdsKoX9lJ%2BO8OIj8qRcVu2Tg%2FZfdvomBM1dsYiE2YWZ4I%2Bc4UyE0sHBm2NiURGrv7K%2FwVvZlTy922LuBbobUFi%2FN2aSt0jNWN0ptcbTxBqrxSguLrx3ZjEo8mfTJTMOBm2m7ifw1zyjY39tg%3D%3D: ('Connection aborted.', ConnectionResetError(104, 'Connection reset by peer'))
2024-02-07 10:22:38,753 ERROR   Thread-13 :1092785 [internal_api.py:upload_file():1696] upload_file request headers: {'User-Agent': 'python-requests/2.31.0', 'Accept-Encoding': 'gzip, deflate, br', 'Accept': '*/*', 'Connection': 'keep-alive', 'Content-Length': '11249'}
2024-02-07 10:22:38,754 ERROR   Thread-13 :1092785 [internal_api.py:upload_file():1698] upload_file response body: 
2024-02-07 10:22:38,754 ERROR   Thread-13 :1092785 [retry.py:__call__():132] Retry attempt failed:
Traceback (most recent call last):
  File "/home/wenhesun/anaconda3/envs/stable-diffusion/lib/python3.9/site-packages/urllib3/connectionpool.py", line 714, in urlopen
    httplib_response = self._make_request(
  File "/home/wenhesun/anaconda3/envs/stable-diffusion/lib/python3.9/site-packages/urllib3/connectionpool.py", line 403, in _make_request
    self._validate_conn(conn)
  File "/home/wenhesun/anaconda3/envs/stable-diffusion/lib/python3.9/site-packages/urllib3/connectionpool.py", line 1053, in _validate_conn
    conn.connect()
  File "/home/wenhesun/anaconda3/envs/stable-diffusion/lib/python3.9/site-packages/urllib3/connection.py", line 419, in connect
    self.sock = ssl_wrap_socket(
  File "/home/wenhesun/anaconda3/envs/stable-diffusion/lib/python3.9/site-packages/urllib3/util/ssl_.py", line 449, in ssl_wrap_socket
    ssl_sock = _ssl_wrap_socket_impl(
  File "/home/wenhesun/anaconda3/envs/stable-diffusion/lib/python3.9/site-packages/urllib3/util/ssl_.py", line 493, in _ssl_wrap_socket_impl
    return ssl_context.wrap_socket(sock, server_hostname=server_hostname)
  File "/home/wenhesun/anaconda3/envs/stable-diffusion/lib/python3.9/ssl.py", line 500, in wrap_socket
    return self.sslsocket_class._create(
  File "/home/wenhesun/anaconda3/envs/stable-diffusion/lib/python3.9/ssl.py", line 1040, in _create
    self.do_handshake()
  File "/home/wenhesun/anaconda3/envs/stable-diffusion/lib/python3.9/ssl.py", line 1309, in do_handshake
    self._sslobj.do_handshake()
ConnectionResetError: [Errno 104] Connection reset by peer

During handling of the above exception, another exception occurred:

Traceback (most recent call last):
  File "/home/wenhesun/anaconda3/envs/stable-diffusion/lib/python3.9/site-packages/requests/adapters.py", line 486, in send
    resp = conn.urlopen(
  File "/home/wenhesun/anaconda3/envs/stable-diffusion/lib/python3.9/site-packages/urllib3/connectionpool.py", line 798, in urlopen
    retries = retries.increment(
  File "/home/wenhesun/anaconda3/envs/stable-diffusion/lib/python3.9/site-packages/urllib3/util/retry.py", line 550, in increment
    raise six.reraise(type(error), error, _stacktrace)
  File "/home/wenhesun/anaconda3/envs/stable-diffusion/lib/python3.9/site-packages/urllib3/packages/six.py", line 769, in reraise
    raise value.with_traceback(tb)
  File "/home/wenhesun/anaconda3/envs/stable-diffusion/lib/python3.9/site-packages/urllib3/connectionpool.py", line 714, in urlopen
    httplib_response = self._make_request(
  File "/home/wenhesun/anaconda3/envs/stable-diffusion/lib/python3.9/site-packages/urllib3/connectionpool.py", line 403, in _make_request
    self._validate_conn(conn)
  File "/home/wenhesun/anaconda3/envs/stable-diffusion/lib/python3.9/site-packages/urllib3/connectionpool.py", line 1053, in _validate_conn
    conn.connect()
  File "/home/wenhesun/anaconda3/envs/stable-diffusion/lib/python3.9/site-packages/urllib3/connection.py", line 419, in connect
    self.sock = ssl_wrap_socket(
  File "/home/wenhesun/anaconda3/envs/stable-diffusion/lib/python3.9/site-packages/urllib3/util/ssl_.py", line 449, in ssl_wrap_socket
    ssl_sock = _ssl_wrap_socket_impl(
  File "/home/wenhesun/anaconda3/envs/stable-diffusion/lib/python3.9/site-packages/urllib3/util/ssl_.py", line 493, in _ssl_wrap_socket_impl
    return ssl_context.wrap_socket(sock, server_hostname=server_hostname)
  File "/home/wenhesun/anaconda3/envs/stable-diffusion/lib/python3.9/ssl.py", line 500, in wrap_socket
    return self.sslsocket_class._create(
  File "/home/wenhesun/anaconda3/envs/stable-diffusion/lib/python3.9/ssl.py", line 1040, in _create
    self.do_handshake()
  File "/home/wenhesun/anaconda3/envs/stable-diffusion/lib/python3.9/ssl.py", line 1309, in do_handshake
    self._sslobj.do_handshake()
urllib3.exceptions.ProtocolError: ('Connection aborted.', ConnectionResetError(104, 'Connection reset by peer'))

During handling of the above exception, another exception occurred:

Traceback (most recent call last):
  File "/home/wenhesun/anaconda3/envs/stable-diffusion/lib/python3.9/site-packages/wandb/sdk/internal/internal_api.py", line 1691, in upload_file
    response = requests.put(url, data=progress, headers=extra_headers)
  File "/home/wenhesun/anaconda3/envs/stable-diffusion/lib/python3.9/site-packages/requests/api.py", line 130, in put
    return request("put", url, data=data, **kwargs)
  File "/home/wenhesun/anaconda3/envs/stable-diffusion/lib/python3.9/site-packages/requests/api.py", line 59, in request
    return session.request(method=method, url=url, **kwargs)
  File "/home/wenhesun/anaconda3/envs/stable-diffusion/lib/python3.9/site-packages/requests/sessions.py", line 589, in request
    resp = self.send(prep, **send_kwargs)
  File "/home/wenhesun/anaconda3/envs/stable-diffusion/lib/python3.9/site-packages/requests/sessions.py", line 703, in send
    r = adapter.send(request, **kwargs)
  File "/home/wenhesun/anaconda3/envs/stable-diffusion/lib/python3.9/site-packages/requests/adapters.py", line 501, in send
    raise ConnectionError(err, request=request)
requests.exceptions.ConnectionError: ('Connection aborted.', ConnectionResetError(104, 'Connection reset by peer'))

During handling of the above exception, another exception occurred:

Traceback (most recent call last):
  File "/home/wenhesun/anaconda3/envs/stable-diffusion/lib/python3.9/site-packages/wandb/sdk/lib/retry.py", line 108, in __call__
    result = self._call_fn(*args, **kwargs)
  File "/home/wenhesun/anaconda3/envs/stable-diffusion/lib/python3.9/site-packages/wandb/sdk/internal/internal_api.py", line 1707, in upload_file
    raise e.with_traceback(sys.exc_info()[2])
  File "/home/wenhesun/anaconda3/envs/stable-diffusion/lib/python3.9/site-packages/wandb/sdk/internal/internal_api.py", line 1691, in upload_file
    response = requests.put(url, data=progress, headers=extra_headers)
  File "/home/wenhesun/anaconda3/envs/stable-diffusion/lib/python3.9/site-packages/requests/api.py", line 130, in put
    return request("put", url, data=data, **kwargs)
  File "/home/wenhesun/anaconda3/envs/stable-diffusion/lib/python3.9/site-packages/requests/api.py", line 59, in request
    return session.request(method=method, url=url, **kwargs)
  File "/home/wenhesun/anaconda3/envs/stable-diffusion/lib/python3.9/site-packages/requests/sessions.py", line 589, in request
    resp = self.send(prep, **send_kwargs)
  File "/home/wenhesun/anaconda3/envs/stable-diffusion/lib/python3.9/site-packages/requests/sessions.py", line 703, in send
    r = adapter.send(request, **kwargs)
  File "/home/wenhesun/anaconda3/envs/stable-diffusion/lib/python3.9/site-packages/requests/adapters.py", line 501, in send
    raise ConnectionError(err, request=request)
wandb.sdk.lib.retry.TransientError: None
2024-02-07 10:22:38,758 DEBUG   HandlerThread:1092785 [handler.py:handle_request():140] handle_request: poll_exit
2024-02-07 10:22:38,759 DEBUG   SenderThread:1092785 [sender.py:send_request():250] send_request: poll_exit
2024-02-07 10:22:38,860 DEBUG   HandlerThread:1092785 [handler.py:handle_request():140] handle_request: poll_exit
2024-02-07 10:22:38,860 DEBUG   SenderThread:1092785 [sender.py:send_request():250] send_request: poll_exit
2024-02-07 10:22:38,962 DEBUG   HandlerThread:1092785 [handler.py:handle_request():140] handle_request: poll_exit
2024-02-07 10:22:38,962 DEBUG   SenderThread:1092785 [sender.py:send_request():250] send_request: poll_exit
2024-02-07 10:22:39,063 DEBUG   HandlerThread:1092785 [handler.py:handle_request():140] handle_request: poll_exit
2024-02-07 10:22:39,064 DEBUG   SenderThread:1092785 [sender.py:send_request():250] send_request: poll_exit
2024-02-07 10:22:39,165 DEBUG   HandlerThread:1092785 [handler.py:handle_request():140] handle_request: poll_exit
2024-02-07 10:22:39,166 DEBUG   SenderThread:1092785 [sender.py:send_request():250] send_request: poll_exit
2024-02-07 10:22:39,267 DEBUG   HandlerThread:1092785 [handler.py:handle_request():140] handle_request: poll_exit
2024-02-07 10:22:39,268 DEBUG   SenderThread:1092785 [sender.py:send_request():250] send_request: poll_exit
2024-02-07 10:22:39,369 DEBUG   HandlerThread:1092785 [handler.py:handle_request():140] handle_request: poll_exit
2024-02-07 10:22:39,369 DEBUG   SenderThread:1092785 [sender.py:send_request():250] send_request: poll_exit
2024-02-07 10:22:39,471 DEBUG   HandlerThread:1092785 [handler.py:handle_request():140] handle_request: poll_exit
2024-02-07 10:22:39,471 DEBUG   SenderThread:1092785 [sender.py:send_request():250] send_request: poll_exit
2024-02-07 10:22:39,573 DEBUG   HandlerThread:1092785 [handler.py:handle_request():140] handle_request: poll_exit
2024-02-07 10:22:39,573 DEBUG   SenderThread:1092785 [sender.py:send_request():250] send_request: poll_exit
2024-02-07 10:22:39,674 DEBUG   HandlerThread:1092785 [handler.py:handle_request():140] handle_request: poll_exit
2024-02-07 10:22:39,675 DEBUG   SenderThread:1092785 [sender.py:send_request():250] send_request: poll_exit
2024-02-07 10:22:39,776 DEBUG   HandlerThread:1092785 [handler.py:handle_request():140] handle_request: poll_exit
2024-02-07 10:22:39,776 DEBUG   SenderThread:1092785 [sender.py:send_request():250] send_request: poll_exit
2024-02-07 10:22:39,878 DEBUG   HandlerThread:1092785 [handler.py:handle_request():140] handle_request: poll_exit
2024-02-07 10:22:39,878 DEBUG   SenderThread:1092785 [sender.py:send_request():250] send_request: poll_exit
2024-02-07 10:22:39,980 DEBUG   HandlerThread:1092785 [handler.py:handle_request():140] handle_request: poll_exit
2024-02-07 10:22:39,980 DEBUG   SenderThread:1092785 [sender.py:send_request():250] send_request: poll_exit
2024-02-07 10:22:40,081 DEBUG   HandlerThread:1092785 [handler.py:handle_request():140] handle_request: poll_exit
2024-02-07 10:22:40,082 DEBUG   SenderThread:1092785 [sender.py:send_request():250] send_request: poll_exit
2024-02-07 10:22:40,183 DEBUG   HandlerThread:1092785 [handler.py:handle_request():140] handle_request: poll_exit
2024-02-07 10:22:40,183 DEBUG   SenderThread:1092785 [sender.py:send_request():250] send_request: poll_exit
2024-02-07 10:22:40,285 DEBUG   HandlerThread:1092785 [handler.py:handle_request():140] handle_request: poll_exit
2024-02-07 10:22:40,285 DEBUG   SenderThread:1092785 [sender.py:send_request():250] send_request: poll_exit
2024-02-07 10:22:40,387 DEBUG   HandlerThread:1092785 [handler.py:handle_request():140] handle_request: poll_exit
2024-02-07 10:22:40,387 DEBUG   SenderThread:1092785 [sender.py:send_request():250] send_request: poll_exit
2024-02-07 10:22:40,488 DEBUG   HandlerThread:1092785 [handler.py:handle_request():140] handle_request: poll_exit
2024-02-07 10:22:40,489 DEBUG   SenderThread:1092785 [sender.py:send_request():250] send_request: poll_exit
2024-02-07 10:22:40,590 DEBUG   HandlerThread:1092785 [handler.py:handle_request():140] handle_request: poll_exit
2024-02-07 10:22:40,590 DEBUG   SenderThread:1092785 [sender.py:send_request():250] send_request: poll_exit
2024-02-07 10:22:40,692 DEBUG   HandlerThread:1092785 [handler.py:handle_request():140] handle_request: poll_exit
2024-02-07 10:22:40,692 DEBUG   SenderThread:1092785 [sender.py:send_request():250] send_request: poll_exit
2024-02-07 10:22:40,794 DEBUG   HandlerThread:1092785 [handler.py:handle_request():140] handle_request: poll_exit
2024-02-07 10:22:40,794 DEBUG   SenderThread:1092785 [sender.py:send_request():250] send_request: poll_exit
2024-02-07 10:22:40,895 DEBUG   HandlerThread:1092785 [handler.py:handle_request():140] handle_request: poll_exit
2024-02-07 10:22:40,896 DEBUG   SenderThread:1092785 [sender.py:send_request():250] send_request: poll_exit
2024-02-07 10:22:40,997 DEBUG   HandlerThread:1092785 [handler.py:handle_request():140] handle_request: poll_exit
2024-02-07 10:22:40,997 DEBUG   SenderThread:1092785 [sender.py:send_request():250] send_request: poll_exit
2024-02-07 10:22:41,099 DEBUG   HandlerThread:1092785 [handler.py:handle_request():140] handle_request: poll_exit
2024-02-07 10:22:41,099 DEBUG   SenderThread:1092785 [sender.py:send_request():250] send_request: poll_exit
2024-02-07 10:22:41,201 DEBUG   HandlerThread:1092785 [handler.py:handle_request():140] handle_request: poll_exit
2024-02-07 10:22:41,201 DEBUG   SenderThread:1092785 [sender.py:send_request():250] send_request: poll_exit
2024-02-07 10:22:41,303 DEBUG   HandlerThread:1092785 [handler.py:handle_request():140] handle_request: poll_exit
2024-02-07 10:22:41,303 DEBUG   SenderThread:1092785 [sender.py:send_request():250] send_request: poll_exit
2024-02-07 10:22:41,389 INFO    Thread-15 :1092785 [upload_job.py:push():138] Uploaded file /home/wenhesun/Plum/wandb/run-20240207_102145-ws37cbd3/files/requirements.txt
2024-02-07 10:22:41,405 DEBUG   HandlerThread:1092785 [handler.py:handle_request():140] handle_request: poll_exit
2024-02-07 10:22:41,405 DEBUG   SenderThread:1092785 [sender.py:send_request():250] send_request: poll_exit
2024-02-07 10:22:41,506 DEBUG   HandlerThread:1092785 [handler.py:handle_request():140] handle_request: poll_exit
2024-02-07 10:22:41,507 DEBUG   SenderThread:1092785 [sender.py:send_request():250] send_request: poll_exit
2024-02-07 10:22:41,608 DEBUG   HandlerThread:1092785 [handler.py:handle_request():140] handle_request: poll_exit
2024-02-07 10:22:41,608 DEBUG   SenderThread:1092785 [sender.py:send_request():250] send_request: poll_exit
2024-02-07 10:22:41,710 DEBUG   HandlerThread:1092785 [handler.py:handle_request():140] handle_request: poll_exit
2024-02-07 10:22:41,710 DEBUG   SenderThread:1092785 [sender.py:send_request():250] send_request: poll_exit
2024-02-07 10:22:41,812 DEBUG   HandlerThread:1092785 [handler.py:handle_request():140] handle_request: poll_exit
2024-02-07 10:22:41,812 DEBUG   SenderThread:1092785 [sender.py:send_request():250] send_request: poll_exit
2024-02-07 10:22:41,902 INFO    Thread-13 :1092785 [upload_job.py:push():138] Uploaded file /home/wenhesun/Plum/wandb/run-20240207_102145-ws37cbd3/files/output.log
2024-02-07 10:22:41,913 DEBUG   HandlerThread:1092785 [handler.py:handle_request():140] handle_request: poll_exit
2024-02-07 10:22:41,914 DEBUG   SenderThread:1092785 [sender.py:send_request():250] send_request: poll_exit
2024-02-07 10:22:42,015 DEBUG   HandlerThread:1092785 [handler.py:handle_request():140] handle_request: poll_exit
2024-02-07 10:22:42,016 DEBUG   SenderThread:1092785 [sender.py:send_request():250] send_request: poll_exit
2024-02-07 10:22:42,103 INFO    Thread-6  :1092785 [sender.py:transition_state():393] send defer: 8
2024-02-07 10:22:42,104 DEBUG   HandlerThread:1092785 [handler.py:handle_request():140] handle_request: defer
2024-02-07 10:22:42,104 INFO    HandlerThread:1092785 [handler.py:handle_request_defer():163] handle defer: 8
2024-02-07 10:22:42,104 DEBUG   SenderThread:1092785 [sender.py:send_request():250] send_request: defer
2024-02-07 10:22:42,104 INFO    SenderThread:1092785 [sender.py:send_request_defer():389] handle sender defer: 8
2024-02-07 10:22:42,117 DEBUG   HandlerThread:1092785 [handler.py:handle_request():140] handle_request: poll_exit
2024-02-07 10:22:42,428 INFO    SenderThread:1092785 [sender.py:transition_state():393] send defer: 9
2024-02-07 10:22:42,428 DEBUG   SenderThread:1092785 [sender.py:send_request():250] send_request: poll_exit
2024-02-07 10:22:42,429 DEBUG   HandlerThread:1092785 [handler.py:handle_request():140] handle_request: defer
2024-02-07 10:22:42,429 INFO    HandlerThread:1092785 [handler.py:handle_request_defer():163] handle defer: 9
2024-02-07 10:22:42,429 DEBUG   SenderThread:1092785 [sender.py:send_request():250] send_request: defer
2024-02-07 10:22:42,429 INFO    SenderThread:1092785 [sender.py:send_request_defer():389] handle sender defer: 9
2024-02-07 10:22:42,429 INFO    SenderThread:1092785 [sender.py:transition_state():393] send defer: 10
2024-02-07 10:22:42,430 DEBUG   SenderThread:1092785 [sender.py:send():236] send: final
2024-02-07 10:22:42,431 DEBUG   SenderThread:1092785 [sender.py:send():236] send: footer
2024-02-07 10:22:42,431 DEBUG   HandlerThread:1092785 [handler.py:handle_request():140] handle_request: defer
2024-02-07 10:22:42,431 INFO    HandlerThread:1092785 [handler.py:handle_request_defer():163] handle defer: 10
2024-02-07 10:22:42,431 DEBUG   SenderThread:1092785 [sender.py:send_request():250] send_request: defer
2024-02-07 10:22:42,431 INFO    SenderThread:1092785 [sender.py:send_request_defer():389] handle sender defer: 10
2024-02-07 10:22:42,530 DEBUG   HandlerThread:1092785 [handler.py:handle_request():140] handle_request: poll_exit
2024-02-07 10:22:42,530 DEBUG   SenderThread:1092785 [sender.py:send_request():250] send_request: poll_exit
2024-02-07 10:22:42,530 INFO    SenderThread:1092785 [file_pusher.py:join():176] waiting for file pusher
2024-02-07 10:22:43,950 DEBUG   HandlerThread:1092785 [handler.py:handle_request():140] handle_request: sampled_history
2024-02-07 10:22:43,951 DEBUG   HandlerThread:1092785 [handler.py:handle_request():140] handle_request: get_summary
2024-02-07 10:22:43,953 DEBUG   HandlerThread:1092785 [handler.py:handle_request():140] handle_request: shutdown
2024-02-07 10:22:43,953 INFO    HandlerThread:1092785 [handler.py:finish():806] shutting down handler
2024-02-07 10:22:44,431 INFO    WriterThread:1092785 [datastore.py:close():279] close: /home/wenhesun/Plum/wandb/run-20240207_102145-ws37cbd3/run-ws37cbd3.wandb
2024-02-07 10:22:44,849 INFO    SenderThread:1092785 [sender.py:finish():1114] shutting down sender
2024-02-07 10:22:44,849 INFO    SenderThread:1092785 [file_pusher.py:finish():171] shutting down file pusher
2024-02-07 10:22:44,849 INFO    SenderThread:1092785 [file_pusher.py:join():176] waiting for file pusher
2024-02-07 10:22:44,852 INFO    MainThread:1092785 [internal.py:handle_exit():80] Internal process exited
