2024-02-07 10:11:04,661 INFO    MainThread:1090123 [internal.py:wandb_internal():90] W&B internal server running at pid: 1090123, started at: 2024-02-07 10:11:04.660919
2024-02-07 10:11:04,663 INFO    WriterThread:1090123 [datastore.py:open_for_write():75] open: /home/wenhesun/Plum/wandb/run-20240207_101104-13bt6pmo/run-13bt6pmo.wandb
2024-02-07 10:11:04,666 DEBUG   SenderThread:1090123 [sender.py:send():236] send: header
2024-02-07 10:11:04,666 DEBUG   SenderThread:1090123 [sender.py:send():236] send: run
2024-02-07 10:11:05,391 DEBUG   HandlerThread:1090123 [handler.py:handle_request():140] handle_request: check_version
2024-02-07 10:11:05,394 INFO    SenderThread:1090123 [dir_watcher.py:__init__():216] watching files in: /home/wenhesun/Plum/wandb/run-20240207_101104-13bt6pmo/files
2024-02-07 10:11:05,395 INFO    SenderThread:1090123 [sender.py:_start_run_threads():815] run started: 13bt6pmo with start time 1707300664
2024-02-07 10:11:05,395 DEBUG   SenderThread:1090123 [sender.py:send():236] send: summary
2024-02-07 10:11:05,395 INFO    SenderThread:1090123 [sender.py:_save_file():952] saving file wandb-summary.json with policy end
2024-02-07 10:11:05,395 DEBUG   SenderThread:1090123 [sender.py:send_request():250] send_request: check_version
2024-02-07 10:11:06,396 INFO    Thread-7  :1090123 [dir_watcher.py:_on_file_created():269] file/dir created: /home/wenhesun/Plum/wandb/run-20240207_101104-13bt6pmo/files/wandb-summary.json
2024-02-07 10:11:08,614 DEBUG   HandlerThread:1090123 [handler.py:handle_request():140] handle_request: run_start
2024-02-07 10:11:08,647 DEBUG   HandlerThread:1090123 [meta.py:__init__():35] meta init
2024-02-07 10:11:08,647 DEBUG   HandlerThread:1090123 [meta.py:__init__():49] meta init done
2024-02-07 10:11:08,647 DEBUG   HandlerThread:1090123 [meta.py:probe():209] probe
2024-02-07 10:11:08,659 DEBUG   HandlerThread:1090123 [meta.py:_setup_git():199] setup git
2024-02-07 10:11:08,675 DEBUG   HandlerThread:1090123 [meta.py:_setup_git():206] setup git done
2024-02-07 10:11:08,675 DEBUG   HandlerThread:1090123 [meta.py:_save_pip():53] save pip
2024-02-07 10:11:08,675 DEBUG   HandlerThread:1090123 [meta.py:_save_pip():67] save pip done
2024-02-07 10:11:08,675 DEBUG   HandlerThread:1090123 [meta.py:_save_conda():74] save conda
2024-02-07 10:11:09,396 INFO    Thread-7  :1090123 [dir_watcher.py:_on_file_created():269] file/dir created: /home/wenhesun/Plum/wandb/run-20240207_101104-13bt6pmo/files/conda-environment.yaml
2024-02-07 10:11:09,396 INFO    Thread-7  :1090123 [dir_watcher.py:_on_file_created():269] file/dir created: /home/wenhesun/Plum/wandb/run-20240207_101104-13bt6pmo/files/requirements.txt
2024-02-07 10:11:10,309 DEBUG   HandlerThread:1090123 [meta.py:_save_conda():84] save conda done
2024-02-07 10:11:10,309 DEBUG   HandlerThread:1090123 [meta.py:probe():247] probe done
2024-02-07 10:11:10,348 DEBUG   SenderThread:1090123 [sender.py:send():236] send: files
2024-02-07 10:11:10,348 INFO    SenderThread:1090123 [sender.py:_save_file():952] saving file wandb-metadata.json with policy now
2024-02-07 10:11:10,355 DEBUG   HandlerThread:1090123 [handler.py:handle_request():140] handle_request: stop_status
2024-02-07 10:11:10,356 DEBUG   SenderThread:1090123 [sender.py:send_request():250] send_request: stop_status
2024-02-07 10:11:10,396 INFO    Thread-7  :1090123 [dir_watcher.py:_on_file_modified():286] file/dir modified: /home/wenhesun/Plum/wandb/run-20240207_101104-13bt6pmo/files/conda-environment.yaml
2024-02-07 10:11:10,397 INFO    Thread-7  :1090123 [dir_watcher.py:_on_file_created():269] file/dir created: /home/wenhesun/Plum/wandb/run-20240207_101104-13bt6pmo/files/wandb-metadata.json
2024-02-07 10:11:10,397 INFO    Thread-7  :1090123 [dir_watcher.py:_on_file_created():269] file/dir created: /home/wenhesun/Plum/wandb/run-20240207_101104-13bt6pmo/files/output.log
2024-02-07 10:11:11,099 DEBUG   SenderThread:1090123 [sender.py:send():236] send: telemetry
2024-02-07 10:11:11,100 DEBUG   SenderThread:1090123 [sender.py:send():236] send: config
2024-02-07 10:11:11,633 INFO    Thread-11 :1090123 [upload_job.py:push():138] Uploaded file /tmp/tmp_kb85hp4wandb/1vlu87f0-wandb-metadata.json
2024-02-07 10:11:16,399 INFO    Thread-7  :1090123 [dir_watcher.py:_on_file_modified():286] file/dir modified: /home/wenhesun/Plum/wandb/run-20240207_101104-13bt6pmo/files/output.log
2024-02-07 10:11:18,400 INFO    Thread-7  :1090123 [dir_watcher.py:_on_file_modified():286] file/dir modified: /home/wenhesun/Plum/wandb/run-20240207_101104-13bt6pmo/files/output.log
2024-02-07 10:11:20,402 INFO    Thread-7  :1090123 [dir_watcher.py:_on_file_modified():286] file/dir modified: /home/wenhesun/Plum/wandb/run-20240207_101104-13bt6pmo/files/output.log
2024-02-07 10:11:23,404 INFO    Thread-7  :1090123 [dir_watcher.py:_on_file_modified():286] file/dir modified: /home/wenhesun/Plum/wandb/run-20240207_101104-13bt6pmo/files/output.log
2024-02-07 10:11:25,405 INFO    Thread-7  :1090123 [dir_watcher.py:_on_file_modified():286] file/dir modified: /home/wenhesun/Plum/wandb/run-20240207_101104-13bt6pmo/files/output.log
2024-02-07 10:11:26,101 DEBUG   HandlerThread:1090123 [handler.py:handle_request():140] handle_request: stop_status
2024-02-07 10:11:26,102 DEBUG   SenderThread:1090123 [sender.py:send_request():250] send_request: stop_status
2024-02-07 10:11:27,406 INFO    Thread-7  :1090123 [dir_watcher.py:_on_file_modified():286] file/dir modified: /home/wenhesun/Plum/wandb/run-20240207_101104-13bt6pmo/files/output.log
2024-02-07 10:11:29,407 INFO    Thread-7  :1090123 [dir_watcher.py:_on_file_modified():286] file/dir modified: /home/wenhesun/Plum/wandb/run-20240207_101104-13bt6pmo/files/output.log
2024-02-07 10:11:31,408 INFO    Thread-7  :1090123 [dir_watcher.py:_on_file_modified():286] file/dir modified: /home/wenhesun/Plum/wandb/run-20240207_101104-13bt6pmo/files/output.log
2024-02-07 10:11:33,409 INFO    Thread-7  :1090123 [dir_watcher.py:_on_file_modified():286] file/dir modified: /home/wenhesun/Plum/wandb/run-20240207_101104-13bt6pmo/files/output.log
2024-02-07 10:11:35,409 INFO    Thread-7  :1090123 [dir_watcher.py:_on_file_modified():286] file/dir modified: /home/wenhesun/Plum/wandb/run-20240207_101104-13bt6pmo/files/output.log
2024-02-07 10:11:36,410 INFO    Thread-7  :1090123 [dir_watcher.py:_on_file_modified():286] file/dir modified: /home/wenhesun/Plum/wandb/run-20240207_101104-13bt6pmo/files/config.yaml
2024-02-07 10:11:37,411 INFO    Thread-7  :1090123 [dir_watcher.py:_on_file_modified():286] file/dir modified: /home/wenhesun/Plum/wandb/run-20240207_101104-13bt6pmo/files/output.log
2024-02-07 10:11:39,411 INFO    Thread-7  :1090123 [dir_watcher.py:_on_file_modified():286] file/dir modified: /home/wenhesun/Plum/wandb/run-20240207_101104-13bt6pmo/files/output.log
2024-02-07 10:11:39,768 DEBUG   SenderThread:1090123 [sender.py:send():236] send: stats
2024-02-07 10:11:41,412 INFO    Thread-7  :1090123 [dir_watcher.py:_on_file_modified():286] file/dir modified: /home/wenhesun/Plum/wandb/run-20240207_101104-13bt6pmo/files/output.log
2024-02-07 10:11:41,779 DEBUG   HandlerThread:1090123 [handler.py:handle_request():140] handle_request: stop_status
2024-02-07 10:11:41,780 DEBUG   SenderThread:1090123 [sender.py:send_request():250] send_request: stop_status
2024-02-07 10:11:43,413 INFO    Thread-7  :1090123 [dir_watcher.py:_on_file_modified():286] file/dir modified: /home/wenhesun/Plum/wandb/run-20240207_101104-13bt6pmo/files/output.log
2024-02-07 10:11:45,414 INFO    Thread-7  :1090123 [dir_watcher.py:_on_file_modified():286] file/dir modified: /home/wenhesun/Plum/wandb/run-20240207_101104-13bt6pmo/files/output.log
2024-02-07 10:11:47,415 INFO    Thread-7  :1090123 [dir_watcher.py:_on_file_modified():286] file/dir modified: /home/wenhesun/Plum/wandb/run-20240207_101104-13bt6pmo/files/output.log
2024-02-07 10:11:49,415 INFO    Thread-7  :1090123 [dir_watcher.py:_on_file_modified():286] file/dir modified: /home/wenhesun/Plum/wandb/run-20240207_101104-13bt6pmo/files/output.log
2024-02-07 10:11:51,262 DEBUG   HandlerThread:1090123 [handler.py:handle_request():140] handle_request: partial_history
2024-02-07 10:11:51,264 DEBUG   SenderThread:1090123 [sender.py:send():236] send: history
2024-02-07 10:11:51,265 DEBUG   SenderThread:1090123 [sender.py:send():236] send: summary
2024-02-07 10:11:51,266 INFO    SenderThread:1090123 [sender.py:_save_file():952] saving file wandb-summary.json with policy end
2024-02-07 10:11:51,269 DEBUG   HandlerThread:1090123 [handler.py:handle_request():140] handle_request: partial_history
2024-02-07 10:11:51,269 DEBUG   SenderThread:1090123 [sender.py:send():236] send: history
2024-02-07 10:11:51,270 DEBUG   SenderThread:1090123 [sender.py:send():236] send: summary
2024-02-07 10:11:51,270 INFO    SenderThread:1090123 [sender.py:_save_file():952] saving file wandb-summary.json with policy end
2024-02-07 10:11:51,416 INFO    Thread-7  :1090123 [dir_watcher.py:_on_file_modified():286] file/dir modified: /home/wenhesun/Plum/wandb/run-20240207_101104-13bt6pmo/files/wandb-summary.json
2024-02-07 10:11:53,419 INFO    Thread-7  :1090123 [dir_watcher.py:_on_file_modified():286] file/dir modified: /home/wenhesun/Plum/wandb/run-20240207_101104-13bt6pmo/files/output.log
2024-02-07 10:11:55,420 INFO    Thread-7  :1090123 [dir_watcher.py:_on_file_modified():286] file/dir modified: /home/wenhesun/Plum/wandb/run-20240207_101104-13bt6pmo/files/output.log
2024-02-07 10:11:57,420 INFO    Thread-7  :1090123 [dir_watcher.py:_on_file_modified():286] file/dir modified: /home/wenhesun/Plum/wandb/run-20240207_101104-13bt6pmo/files/output.log
2024-02-07 10:11:57,459 DEBUG   HandlerThread:1090123 [handler.py:handle_request():140] handle_request: stop_status
2024-02-07 10:11:57,460 DEBUG   SenderThread:1090123 [sender.py:send_request():250] send_request: stop_status
2024-02-07 10:11:59,421 INFO    Thread-7  :1090123 [dir_watcher.py:_on_file_modified():286] file/dir modified: /home/wenhesun/Plum/wandb/run-20240207_101104-13bt6pmo/files/output.log
2024-02-07 10:12:01,422 INFO    Thread-7  :1090123 [dir_watcher.py:_on_file_modified():286] file/dir modified: /home/wenhesun/Plum/wandb/run-20240207_101104-13bt6pmo/files/output.log
2024-02-07 10:12:03,423 INFO    Thread-7  :1090123 [dir_watcher.py:_on_file_modified():286] file/dir modified: /home/wenhesun/Plum/wandb/run-20240207_101104-13bt6pmo/files/output.log
2024-02-07 10:12:05,423 INFO    Thread-7  :1090123 [dir_watcher.py:_on_file_modified():286] file/dir modified: /home/wenhesun/Plum/wandb/run-20240207_101104-13bt6pmo/files/output.log
2024-02-07 10:12:07,424 INFO    Thread-7  :1090123 [dir_watcher.py:_on_file_modified():286] file/dir modified: /home/wenhesun/Plum/wandb/run-20240207_101104-13bt6pmo/files/output.log
2024-02-07 10:12:09,424 INFO    Thread-7  :1090123 [dir_watcher.py:_on_file_modified():286] file/dir modified: /home/wenhesun/Plum/wandb/run-20240207_101104-13bt6pmo/files/output.log
2024-02-07 10:12:11,426 INFO    Thread-7  :1090123 [dir_watcher.py:_on_file_modified():286] file/dir modified: /home/wenhesun/Plum/wandb/run-20240207_101104-13bt6pmo/files/output.log
2024-02-07 10:12:12,664 DEBUG   SenderThread:1090123 [sender.py:send():236] send: stats
2024-02-07 10:12:13,144 DEBUG   HandlerThread:1090123 [handler.py:handle_request():140] handle_request: stop_status
2024-02-07 10:12:13,144 DEBUG   SenderThread:1090123 [sender.py:send_request():250] send_request: stop_status
2024-02-07 10:12:13,426 INFO    Thread-7  :1090123 [dir_watcher.py:_on_file_modified():286] file/dir modified: /home/wenhesun/Plum/wandb/run-20240207_101104-13bt6pmo/files/output.log
2024-02-07 10:12:15,427 INFO    Thread-7  :1090123 [dir_watcher.py:_on_file_modified():286] file/dir modified: /home/wenhesun/Plum/wandb/run-20240207_101104-13bt6pmo/files/output.log
2024-02-07 10:12:17,428 INFO    Thread-7  :1090123 [dir_watcher.py:_on_file_modified():286] file/dir modified: /home/wenhesun/Plum/wandb/run-20240207_101104-13bt6pmo/files/output.log
2024-02-07 10:12:19,428 INFO    Thread-7  :1090123 [dir_watcher.py:_on_file_modified():286] file/dir modified: /home/wenhesun/Plum/wandb/run-20240207_101104-13bt6pmo/files/output.log
2024-02-07 10:12:21,429 INFO    Thread-7  :1090123 [dir_watcher.py:_on_file_modified():286] file/dir modified: /home/wenhesun/Plum/wandb/run-20240207_101104-13bt6pmo/files/output.log
2024-02-07 10:12:23,430 INFO    Thread-7  :1090123 [dir_watcher.py:_on_file_modified():286] file/dir modified: /home/wenhesun/Plum/wandb/run-20240207_101104-13bt6pmo/files/output.log
2024-02-07 10:12:25,431 INFO    Thread-7  :1090123 [dir_watcher.py:_on_file_modified():286] file/dir modified: /home/wenhesun/Plum/wandb/run-20240207_101104-13bt6pmo/files/output.log
2024-02-07 10:12:27,432 INFO    Thread-7  :1090123 [dir_watcher.py:_on_file_modified():286] file/dir modified: /home/wenhesun/Plum/wandb/run-20240207_101104-13bt6pmo/files/output.log
2024-02-07 10:12:28,893 DEBUG   HandlerThread:1090123 [handler.py:handle_request():140] handle_request: stop_status
2024-02-07 10:12:28,893 DEBUG   SenderThread:1090123 [sender.py:send_request():250] send_request: stop_status
2024-02-07 10:12:29,432 INFO    Thread-7  :1090123 [dir_watcher.py:_on_file_modified():286] file/dir modified: /home/wenhesun/Plum/wandb/run-20240207_101104-13bt6pmo/files/output.log
2024-02-07 10:12:31,433 INFO    Thread-7  :1090123 [dir_watcher.py:_on_file_modified():286] file/dir modified: /home/wenhesun/Plum/wandb/run-20240207_101104-13bt6pmo/files/output.log
2024-02-07 10:12:33,434 INFO    Thread-7  :1090123 [dir_watcher.py:_on_file_modified():286] file/dir modified: /home/wenhesun/Plum/wandb/run-20240207_101104-13bt6pmo/files/output.log
2024-02-07 10:12:35,434 INFO    Thread-7  :1090123 [dir_watcher.py:_on_file_modified():286] file/dir modified: /home/wenhesun/Plum/wandb/run-20240207_101104-13bt6pmo/files/output.log
2024-02-07 10:12:37,435 INFO    Thread-7  :1090123 [dir_watcher.py:_on_file_modified():286] file/dir modified: /home/wenhesun/Plum/wandb/run-20240207_101104-13bt6pmo/files/output.log
2024-02-07 10:12:39,436 INFO    Thread-7  :1090123 [dir_watcher.py:_on_file_modified():286] file/dir modified: /home/wenhesun/Plum/wandb/run-20240207_101104-13bt6pmo/files/output.log
2024-02-07 10:12:41,437 INFO    Thread-7  :1090123 [dir_watcher.py:_on_file_modified():286] file/dir modified: /home/wenhesun/Plum/wandb/run-20240207_101104-13bt6pmo/files/output.log
2024-02-07 10:12:43,437 INFO    Thread-7  :1090123 [dir_watcher.py:_on_file_modified():286] file/dir modified: /home/wenhesun/Plum/wandb/run-20240207_101104-13bt6pmo/files/output.log
2024-02-07 10:12:44,640 DEBUG   HandlerThread:1090123 [handler.py:handle_request():140] handle_request: stop_status
2024-02-07 10:12:44,640 DEBUG   SenderThread:1090123 [sender.py:send_request():250] send_request: stop_status
2024-02-07 10:12:45,349 DEBUG   SenderThread:1090123 [sender.py:send():236] send: stats
2024-02-07 10:12:45,438 INFO    Thread-7  :1090123 [dir_watcher.py:_on_file_modified():286] file/dir modified: /home/wenhesun/Plum/wandb/run-20240207_101104-13bt6pmo/files/output.log
2024-02-07 10:12:47,439 INFO    Thread-7  :1090123 [dir_watcher.py:_on_file_modified():286] file/dir modified: /home/wenhesun/Plum/wandb/run-20240207_101104-13bt6pmo/files/output.log
2024-02-07 10:12:49,439 INFO    Thread-7  :1090123 [dir_watcher.py:_on_file_modified():286] file/dir modified: /home/wenhesun/Plum/wandb/run-20240207_101104-13bt6pmo/files/output.log
2024-02-07 10:12:50,520 WARNING MainThread:1090123 [internal.py:wandb_internal():153] Internal process interrupt: 1
2024-02-07 10:12:50,533 DEBUG   SenderThread:1090123 [sender.py:send():236] send: telemetry
2024-02-07 10:12:51,440 INFO    Thread-7  :1090123 [dir_watcher.py:_on_file_modified():286] file/dir modified: /home/wenhesun/Plum/wandb/run-20240207_101104-13bt6pmo/files/output.log
2024-02-07 10:12:53,027 DEBUG   SenderThread:1090123 [sender.py:send():236] send: exit
2024-02-07 10:12:53,028 INFO    SenderThread:1090123 [sender.py:send_exit():372] handling exit code: 255
2024-02-07 10:12:53,028 INFO    SenderThread:1090123 [sender.py:send_exit():374] handling runtime: 104
2024-02-07 10:12:53,028 DEBUG   HandlerThread:1090123 [handler.py:handle_request():140] handle_request: poll_exit
2024-02-07 10:12:53,029 INFO    SenderThread:1090123 [sender.py:_save_file():952] saving file wandb-summary.json with policy end
2024-02-07 10:12:53,029 INFO    SenderThread:1090123 [sender.py:send_exit():380] send defer
2024-02-07 10:12:53,029 DEBUG   SenderThread:1090123 [sender.py:send_request():250] send_request: poll_exit
2024-02-07 10:12:53,030 DEBUG   HandlerThread:1090123 [handler.py:handle_request():140] handle_request: defer
2024-02-07 10:12:53,030 INFO    HandlerThread:1090123 [handler.py:handle_request_defer():163] handle defer: 0
2024-02-07 10:12:53,030 DEBUG   SenderThread:1090123 [sender.py:send_request():250] send_request: defer
2024-02-07 10:12:53,030 INFO    SenderThread:1090123 [sender.py:send_request_defer():389] handle sender defer: 0
2024-02-07 10:12:53,030 INFO    SenderThread:1090123 [sender.py:transition_state():393] send defer: 1
2024-02-07 10:12:53,031 DEBUG   HandlerThread:1090123 [handler.py:handle_request():140] handle_request: defer
2024-02-07 10:12:53,031 INFO    HandlerThread:1090123 [handler.py:handle_request_defer():163] handle defer: 1
2024-02-07 10:12:53,218 DEBUG   SenderThread:1090123 [sender.py:send_request():250] send_request: defer
2024-02-07 10:12:53,218 INFO    SenderThread:1090123 [sender.py:send_request_defer():389] handle sender defer: 1
2024-02-07 10:12:53,219 DEBUG   HandlerThread:1090123 [handler.py:handle_request():140] handle_request: poll_exit
2024-02-07 10:12:53,219 INFO    SenderThread:1090123 [sender.py:transition_state():393] send defer: 2
2024-02-07 10:12:53,219 DEBUG   SenderThread:1090123 [sender.py:send_request():250] send_request: poll_exit
2024-02-07 10:12:53,219 DEBUG   SenderThread:1090123 [sender.py:send():236] send: stats
2024-02-07 10:12:53,219 DEBUG   HandlerThread:1090123 [handler.py:handle_request():140] handle_request: defer
2024-02-07 10:12:53,220 INFO    HandlerThread:1090123 [handler.py:handle_request_defer():163] handle defer: 2
2024-02-07 10:12:53,220 DEBUG   SenderThread:1090123 [sender.py:send_request():250] send_request: defer
2024-02-07 10:12:53,220 INFO    SenderThread:1090123 [sender.py:send_request_defer():389] handle sender defer: 2
2024-02-07 10:12:53,220 INFO    SenderThread:1090123 [sender.py:transition_state():393] send defer: 3
2024-02-07 10:12:53,220 DEBUG   HandlerThread:1090123 [handler.py:handle_request():140] handle_request: defer
2024-02-07 10:12:53,220 INFO    HandlerThread:1090123 [handler.py:handle_request_defer():163] handle defer: 3
2024-02-07 10:12:53,220 DEBUG   SenderThread:1090123 [sender.py:send_request():250] send_request: defer
2024-02-07 10:12:53,220 INFO    SenderThread:1090123 [sender.py:send_request_defer():389] handle sender defer: 3
2024-02-07 10:12:53,220 INFO    SenderThread:1090123 [sender.py:transition_state():393] send defer: 4
2024-02-07 10:12:53,220 DEBUG   HandlerThread:1090123 [handler.py:handle_request():140] handle_request: defer
2024-02-07 10:12:53,220 INFO    HandlerThread:1090123 [handler.py:handle_request_defer():163] handle defer: 4
2024-02-07 10:12:53,220 DEBUG   SenderThread:1090123 [sender.py:send():236] send: summary
2024-02-07 10:12:53,221 INFO    SenderThread:1090123 [sender.py:_save_file():952] saving file wandb-summary.json with policy end
2024-02-07 10:12:53,221 DEBUG   SenderThread:1090123 [sender.py:send_request():250] send_request: defer
2024-02-07 10:12:53,221 INFO    SenderThread:1090123 [sender.py:send_request_defer():389] handle sender defer: 4
2024-02-07 10:12:53,221 INFO    SenderThread:1090123 [sender.py:transition_state():393] send defer: 5
2024-02-07 10:12:53,221 DEBUG   HandlerThread:1090123 [handler.py:handle_request():140] handle_request: defer
2024-02-07 10:12:53,221 INFO    HandlerThread:1090123 [handler.py:handle_request_defer():163] handle defer: 5
2024-02-07 10:12:53,221 DEBUG   SenderThread:1090123 [sender.py:send_request():250] send_request: defer
2024-02-07 10:12:53,221 INFO    SenderThread:1090123 [sender.py:send_request_defer():389] handle sender defer: 5
2024-02-07 10:12:53,321 DEBUG   HandlerThread:1090123 [handler.py:handle_request():140] handle_request: poll_exit
2024-02-07 10:12:53,441 INFO    Thread-7  :1090123 [dir_watcher.py:_on_file_modified():286] file/dir modified: /home/wenhesun/Plum/wandb/run-20240207_101104-13bt6pmo/files/wandb-summary.json
2024-02-07 10:12:53,441 INFO    Thread-7  :1090123 [dir_watcher.py:_on_file_modified():286] file/dir modified: /home/wenhesun/Plum/wandb/run-20240207_101104-13bt6pmo/files/output.log
2024-02-07 10:12:53,974 INFO    SenderThread:1090123 [sender.py:transition_state():393] send defer: 6
2024-02-07 10:12:53,974 DEBUG   SenderThread:1090123 [sender.py:send_request():250] send_request: poll_exit
2024-02-07 10:12:53,974 DEBUG   HandlerThread:1090123 [handler.py:handle_request():140] handle_request: defer
2024-02-07 10:12:53,974 INFO    HandlerThread:1090123 [handler.py:handle_request_defer():163] handle defer: 6
2024-02-07 10:12:53,974 DEBUG   SenderThread:1090123 [sender.py:send_request():250] send_request: defer
2024-02-07 10:12:53,974 INFO    SenderThread:1090123 [sender.py:send_request_defer():389] handle sender defer: 6
2024-02-07 10:12:53,974 INFO    SenderThread:1090123 [dir_watcher.py:finish():353] shutting down directory watcher
2024-02-07 10:12:54,075 DEBUG   HandlerThread:1090123 [handler.py:handle_request():140] handle_request: poll_exit
2024-02-07 10:12:54,441 INFO    Thread-7  :1090123 [dir_watcher.py:_on_file_modified():286] file/dir modified: /home/wenhesun/Plum/wandb/run-20240207_101104-13bt6pmo/files/config.yaml
2024-02-07 10:12:54,442 INFO    SenderThread:1090123 [dir_watcher.py:finish():383] scan: /home/wenhesun/Plum/wandb/run-20240207_101104-13bt6pmo/files
2024-02-07 10:12:54,442 INFO    SenderThread:1090123 [dir_watcher.py:finish():397] scan save: /home/wenhesun/Plum/wandb/run-20240207_101104-13bt6pmo/files/wandb-summary.json wandb-summary.json
2024-02-07 10:12:54,442 INFO    SenderThread:1090123 [dir_watcher.py:finish():397] scan save: /home/wenhesun/Plum/wandb/run-20240207_101104-13bt6pmo/files/output.log output.log
2024-02-07 10:12:54,443 INFO    SenderThread:1090123 [dir_watcher.py:finish():397] scan save: /home/wenhesun/Plum/wandb/run-20240207_101104-13bt6pmo/files/config.yaml config.yaml
2024-02-07 10:12:54,448 INFO    SenderThread:1090123 [dir_watcher.py:finish():397] scan save: /home/wenhesun/Plum/wandb/run-20240207_101104-13bt6pmo/files/requirements.txt requirements.txt
2024-02-07 10:12:54,452 INFO    SenderThread:1090123 [dir_watcher.py:finish():397] scan save: /home/wenhesun/Plum/wandb/run-20240207_101104-13bt6pmo/files/conda-environment.yaml conda-environment.yaml
2024-02-07 10:12:54,457 INFO    SenderThread:1090123 [dir_watcher.py:finish():397] scan save: /home/wenhesun/Plum/wandb/run-20240207_101104-13bt6pmo/files/wandb-metadata.json wandb-metadata.json
2024-02-07 10:12:54,457 INFO    SenderThread:1090123 [sender.py:transition_state():393] send defer: 7
2024-02-07 10:12:54,458 DEBUG   SenderThread:1090123 [sender.py:send_request():250] send_request: poll_exit
2024-02-07 10:12:54,462 DEBUG   HandlerThread:1090123 [handler.py:handle_request():140] handle_request: defer
2024-02-07 10:12:54,463 INFO    HandlerThread:1090123 [handler.py:handle_request_defer():163] handle defer: 7
2024-02-07 10:12:54,463 DEBUG   SenderThread:1090123 [sender.py:send_request():250] send_request: defer
2024-02-07 10:12:54,467 INFO    SenderThread:1090123 [sender.py:send_request_defer():389] handle sender defer: 7
2024-02-07 10:12:54,467 INFO    SenderThread:1090123 [file_pusher.py:finish():171] shutting down file pusher
2024-02-07 10:12:54,559 DEBUG   HandlerThread:1090123 [handler.py:handle_request():140] handle_request: poll_exit
2024-02-07 10:12:54,559 DEBUG   SenderThread:1090123 [sender.py:send_request():250] send_request: poll_exit
2024-02-07 10:12:54,661 DEBUG   HandlerThread:1090123 [handler.py:handle_request():140] handle_request: poll_exit
2024-02-07 10:12:54,661 DEBUG   SenderThread:1090123 [sender.py:send_request():250] send_request: poll_exit
2024-02-07 10:12:54,762 DEBUG   HandlerThread:1090123 [handler.py:handle_request():140] handle_request: poll_exit
2024-02-07 10:12:54,763 DEBUG   SenderThread:1090123 [sender.py:send_request():250] send_request: poll_exit
2024-02-07 10:12:54,864 DEBUG   HandlerThread:1090123 [handler.py:handle_request():140] handle_request: poll_exit
2024-02-07 10:12:54,864 DEBUG   SenderThread:1090123 [sender.py:send_request():250] send_request: poll_exit
2024-02-07 10:12:54,966 DEBUG   HandlerThread:1090123 [handler.py:handle_request():140] handle_request: poll_exit
2024-02-07 10:12:54,966 DEBUG   SenderThread:1090123 [sender.py:send_request():250] send_request: poll_exit
2024-02-07 10:12:55,067 DEBUG   HandlerThread:1090123 [handler.py:handle_request():140] handle_request: poll_exit
2024-02-07 10:12:55,068 DEBUG   SenderThread:1090123 [sender.py:send_request():250] send_request: poll_exit
2024-02-07 10:12:55,169 DEBUG   HandlerThread:1090123 [handler.py:handle_request():140] handle_request: poll_exit
2024-02-07 10:12:55,169 DEBUG   SenderThread:1090123 [sender.py:send_request():250] send_request: poll_exit
2024-02-07 10:12:55,271 DEBUG   HandlerThread:1090123 [handler.py:handle_request():140] handle_request: poll_exit
2024-02-07 10:12:55,271 DEBUG   SenderThread:1090123 [sender.py:send_request():250] send_request: poll_exit
2024-02-07 10:12:55,323 ERROR   Thread-14 :1090123 [internal_api.py:upload_file():1694] upload_file exception https://storage.googleapis.com/wandb-production.appspot.com/wenhesun576/evolutional-prompt/13bt6pmo/config.yaml?Expires=1707387175&GoogleAccessId=gorilla-files-url-signer-man%40wandb-production.iam.gserviceaccount.com&Signature=Iira317n1w%2F7GFsh1RRjSPA2OhegPyLy94bzm9rdA3xEYoT5KSe0yv8LvcYVGSY8BPPcoFbL2vXY25jk6Nt%2FOeXrvmNkU48wV1NYeUuWIovbKGzMlq7yrhQgrPy3EA12MhxSPg6DFfw%2F0ZA6Ny44A40DEi3j9JEMDJg2KvZhyD2%2Bgv4XBai%2FXVJdUFcEit7MZxgaULT6ynyEK5ri7kPxIDVN1%2F6U7Hc2JjOtcnxXy4XsFFozEmHyvpvAqOVgvLmeaMcDyqOSBEjULc2mWuqw%2B2gnNePevrgF%2FsYZo%2FgKeMbedL35Ki6o%2FDeec9WG%2Bt%2FeNgQKkUpfCKcAE3%2FyNY4uLA%3D%3D: ('Connection aborted.', ConnectionResetError(104, 'Connection reset by peer'))
2024-02-07 10:12:55,324 ERROR   Thread-14 :1090123 [internal_api.py:upload_file():1696] upload_file request headers: {'User-Agent': 'python-requests/2.31.0', 'Accept-Encoding': 'gzip, deflate, br', 'Accept': '*/*', 'Connection': 'keep-alive', 'Content-Length': '2308'}
2024-02-07 10:12:55,324 ERROR   Thread-14 :1090123 [internal_api.py:upload_file():1698] upload_file response body: 
2024-02-07 10:12:55,372 DEBUG   HandlerThread:1090123 [handler.py:handle_request():140] handle_request: poll_exit
2024-02-07 10:12:55,373 DEBUG   SenderThread:1090123 [sender.py:send_request():250] send_request: poll_exit
2024-02-07 10:12:55,406 ERROR   Thread-13 :1090123 [internal_api.py:upload_file():1694] upload_file exception https://storage.googleapis.com/wandb-production.appspot.com/wenhesun576/evolutional-prompt/13bt6pmo/output.log?Expires=1707387175&GoogleAccessId=gorilla-files-url-signer-man%40wandb-production.iam.gserviceaccount.com&Signature=XER7P9I9KtUIPaTrW2f%2Bg81CX7WRGf3uSCbQBwm3bXMsR4NAMpgrZtEawabgu1PNTNDjRBqZye67vtrVWpJWmJWtu0C1VIycGUl%2FJLBy%2Fy%2B0Cp00PX2EK8C%2B4oLxwR1ytXwTHmo2IwnTIzwP819Lc5sZy8M2%2F5W1jM1AyP1lfs9ZerretmgOS6k6%2BbNlYqd3i4s2T1bcJs8F%2BNZludBT%2FZWFVzz30JjXXOE67ABN2lA6u1dj3Te%2FJb7jhE63gYVzwnwbjJ22GDnKdDE5b4OPTDULNx5Q0iHGH6gQOJcSe0vVHhDqdp7WDGeHDHQm8rSEDZ5bzrwG6XWSgoDOlpZqxg%3D%3D: ('Connection aborted.', ConnectionResetError(104, 'Connection reset by peer'))
2024-02-07 10:12:55,406 ERROR   Thread-13 :1090123 [internal_api.py:upload_file():1696] upload_file request headers: {'User-Agent': 'python-requests/2.31.0', 'Accept-Encoding': 'gzip, deflate, br', 'Accept': '*/*', 'Connection': 'keep-alive', 'Content-Length': '9429'}
2024-02-07 10:12:55,406 ERROR   Thread-13 :1090123 [internal_api.py:upload_file():1698] upload_file response body: 
2024-02-07 10:12:55,474 DEBUG   HandlerThread:1090123 [handler.py:handle_request():140] handle_request: poll_exit
2024-02-07 10:12:55,474 DEBUG   SenderThread:1090123 [sender.py:send_request():250] send_request: poll_exit
2024-02-07 10:12:55,575 DEBUG   HandlerThread:1090123 [handler.py:handle_request():140] handle_request: poll_exit
2024-02-07 10:12:55,576 DEBUG   SenderThread:1090123 [sender.py:send_request():250] send_request: poll_exit
2024-02-07 10:12:55,677 DEBUG   HandlerThread:1090123 [handler.py:handle_request():140] handle_request: poll_exit
2024-02-07 10:12:55,677 DEBUG   SenderThread:1090123 [sender.py:send_request():250] send_request: poll_exit
2024-02-07 10:12:55,714 INFO    Thread-12 :1090123 [upload_job.py:push():138] Uploaded file /home/wenhesun/Plum/wandb/run-20240207_101104-13bt6pmo/files/wandb-summary.json
2024-02-07 10:12:55,726 INFO    Thread-15 :1090123 [upload_job.py:push():138] Uploaded file /home/wenhesun/Plum/wandb/run-20240207_101104-13bt6pmo/files/requirements.txt
2024-02-07 10:12:55,779 DEBUG   HandlerThread:1090123 [handler.py:handle_request():140] handle_request: poll_exit
2024-02-07 10:12:55,779 DEBUG   SenderThread:1090123 [sender.py:send_request():250] send_request: poll_exit
2024-02-07 10:12:55,816 INFO    Thread-16 :1090123 [upload_job.py:push():138] Uploaded file /home/wenhesun/Plum/wandb/run-20240207_101104-13bt6pmo/files/conda-environment.yaml
2024-02-07 10:12:55,880 DEBUG   HandlerThread:1090123 [handler.py:handle_request():140] handle_request: poll_exit
2024-02-07 10:12:55,880 DEBUG   SenderThread:1090123 [sender.py:send_request():250] send_request: poll_exit
2024-02-07 10:12:55,982 DEBUG   HandlerThread:1090123 [handler.py:handle_request():140] handle_request: poll_exit
2024-02-07 10:12:55,982 DEBUG   SenderThread:1090123 [sender.py:send_request():250] send_request: poll_exit
2024-02-07 10:12:56,084 DEBUG   HandlerThread:1090123 [handler.py:handle_request():140] handle_request: poll_exit
2024-02-07 10:12:56,084 DEBUG   SenderThread:1090123 [sender.py:send_request():250] send_request: poll_exit
2024-02-07 10:12:56,185 DEBUG   HandlerThread:1090123 [handler.py:handle_request():140] handle_request: poll_exit
2024-02-07 10:12:56,185 DEBUG   SenderThread:1090123 [sender.py:send_request():250] send_request: poll_exit
2024-02-07 10:12:56,287 DEBUG   HandlerThread:1090123 [handler.py:handle_request():140] handle_request: poll_exit
2024-02-07 10:12:56,287 DEBUG   SenderThread:1090123 [sender.py:send_request():250] send_request: poll_exit
2024-02-07 10:12:56,388 DEBUG   HandlerThread:1090123 [handler.py:handle_request():140] handle_request: poll_exit
2024-02-07 10:12:56,389 DEBUG   SenderThread:1090123 [sender.py:send_request():250] send_request: poll_exit
2024-02-07 10:12:56,490 DEBUG   HandlerThread:1090123 [handler.py:handle_request():140] handle_request: poll_exit
2024-02-07 10:12:56,490 DEBUG   SenderThread:1090123 [sender.py:send_request():250] send_request: poll_exit
2024-02-07 10:12:56,589 ERROR   Thread-14 :1090123 [internal_api.py:upload_file():1694] upload_file exception https://storage.googleapis.com/wandb-production.appspot.com/wenhesun576/evolutional-prompt/13bt6pmo/config.yaml?Expires=1707387175&GoogleAccessId=gorilla-files-url-signer-man%40wandb-production.iam.gserviceaccount.com&Signature=Iira317n1w%2F7GFsh1RRjSPA2OhegPyLy94bzm9rdA3xEYoT5KSe0yv8LvcYVGSY8BPPcoFbL2vXY25jk6Nt%2FOeXrvmNkU48wV1NYeUuWIovbKGzMlq7yrhQgrPy3EA12MhxSPg6DFfw%2F0ZA6Ny44A40DEi3j9JEMDJg2KvZhyD2%2Bgv4XBai%2FXVJdUFcEit7MZxgaULT6ynyEK5ri7kPxIDVN1%2F6U7Hc2JjOtcnxXy4XsFFozEmHyvpvAqOVgvLmeaMcDyqOSBEjULc2mWuqw%2B2gnNePevrgF%2FsYZo%2FgKeMbedL35Ki6o%2FDeec9WG%2Bt%2FeNgQKkUpfCKcAE3%2FyNY4uLA%3D%3D: ('Connection aborted.', ConnectionResetError(104, 'Connection reset by peer'))
2024-02-07 10:12:56,589 ERROR   Thread-14 :1090123 [internal_api.py:upload_file():1696] upload_file request headers: {'User-Agent': 'python-requests/2.31.0', 'Accept-Encoding': 'gzip, deflate, br', 'Accept': '*/*', 'Connection': 'keep-alive', 'Content-Length': '2308'}
2024-02-07 10:12:56,589 ERROR   Thread-14 :1090123 [internal_api.py:upload_file():1698] upload_file response body: 
2024-02-07 10:12:56,591 DEBUG   HandlerThread:1090123 [handler.py:handle_request():140] handle_request: poll_exit
2024-02-07 10:12:56,592 DEBUG   SenderThread:1090123 [sender.py:send_request():250] send_request: poll_exit
2024-02-07 10:12:56,693 DEBUG   HandlerThread:1090123 [handler.py:handle_request():140] handle_request: poll_exit
2024-02-07 10:12:56,693 DEBUG   SenderThread:1090123 [sender.py:send_request():250] send_request: poll_exit
2024-02-07 10:12:56,795 DEBUG   HandlerThread:1090123 [handler.py:handle_request():140] handle_request: poll_exit
2024-02-07 10:12:56,795 DEBUG   SenderThread:1090123 [sender.py:send_request():250] send_request: poll_exit
2024-02-07 10:12:56,805 ERROR   Thread-13 :1090123 [internal_api.py:upload_file():1694] upload_file exception https://storage.googleapis.com/wandb-production.appspot.com/wenhesun576/evolutional-prompt/13bt6pmo/output.log?Expires=1707387175&GoogleAccessId=gorilla-files-url-signer-man%40wandb-production.iam.gserviceaccount.com&Signature=XER7P9I9KtUIPaTrW2f%2Bg81CX7WRGf3uSCbQBwm3bXMsR4NAMpgrZtEawabgu1PNTNDjRBqZye67vtrVWpJWmJWtu0C1VIycGUl%2FJLBy%2Fy%2B0Cp00PX2EK8C%2B4oLxwR1ytXwTHmo2IwnTIzwP819Lc5sZy8M2%2F5W1jM1AyP1lfs9ZerretmgOS6k6%2BbNlYqd3i4s2T1bcJs8F%2BNZludBT%2FZWFVzz30JjXXOE67ABN2lA6u1dj3Te%2FJb7jhE63gYVzwnwbjJ22GDnKdDE5b4OPTDULNx5Q0iHGH6gQOJcSe0vVHhDqdp7WDGeHDHQm8rSEDZ5bzrwG6XWSgoDOlpZqxg%3D%3D: ('Connection aborted.', ConnectionResetError(104, 'Connection reset by peer'))
2024-02-07 10:12:56,805 ERROR   Thread-13 :1090123 [internal_api.py:upload_file():1696] upload_file request headers: {'User-Agent': 'python-requests/2.31.0', 'Accept-Encoding': 'gzip, deflate, br', 'Accept': '*/*', 'Connection': 'keep-alive', 'Content-Length': '9429'}
2024-02-07 10:12:56,805 ERROR   Thread-13 :1090123 [internal_api.py:upload_file():1698] upload_file response body: 
2024-02-07 10:12:56,805 ERROR   Thread-13 :1090123 [retry.py:__call__():132] Retry attempt failed:
Traceback (most recent call last):
  File "/home/wenhesun/anaconda3/envs/stable-diffusion/lib/python3.9/site-packages/urllib3/connectionpool.py", line 714, in urlopen
    httplib_response = self._make_request(
  File "/home/wenhesun/anaconda3/envs/stable-diffusion/lib/python3.9/site-packages/urllib3/connectionpool.py", line 403, in _make_request
    self._validate_conn(conn)
  File "/home/wenhesun/anaconda3/envs/stable-diffusion/lib/python3.9/site-packages/urllib3/connectionpool.py", line 1053, in _validate_conn
    conn.connect()
  File "/home/wenhesun/anaconda3/envs/stable-diffusion/lib/python3.9/site-packages/urllib3/connection.py", line 419, in connect
    self.sock = ssl_wrap_socket(
  File "/home/wenhesun/anaconda3/envs/stable-diffusion/lib/python3.9/site-packages/urllib3/util/ssl_.py", line 449, in ssl_wrap_socket
    ssl_sock = _ssl_wrap_socket_impl(
  File "/home/wenhesun/anaconda3/envs/stable-diffusion/lib/python3.9/site-packages/urllib3/util/ssl_.py", line 493, in _ssl_wrap_socket_impl
    return ssl_context.wrap_socket(sock, server_hostname=server_hostname)
  File "/home/wenhesun/anaconda3/envs/stable-diffusion/lib/python3.9/ssl.py", line 500, in wrap_socket
    return self.sslsocket_class._create(
  File "/home/wenhesun/anaconda3/envs/stable-diffusion/lib/python3.9/ssl.py", line 1040, in _create
    self.do_handshake()
  File "/home/wenhesun/anaconda3/envs/stable-diffusion/lib/python3.9/ssl.py", line 1309, in do_handshake
    self._sslobj.do_handshake()
ConnectionResetError: [Errno 104] Connection reset by peer

During handling of the above exception, another exception occurred:

Traceback (most recent call last):
  File "/home/wenhesun/anaconda3/envs/stable-diffusion/lib/python3.9/site-packages/requests/adapters.py", line 486, in send
    resp = conn.urlopen(
  File "/home/wenhesun/anaconda3/envs/stable-diffusion/lib/python3.9/site-packages/urllib3/connectionpool.py", line 798, in urlopen
    retries = retries.increment(
  File "/home/wenhesun/anaconda3/envs/stable-diffusion/lib/python3.9/site-packages/urllib3/util/retry.py", line 550, in increment
    raise six.reraise(type(error), error, _stacktrace)
  File "/home/wenhesun/anaconda3/envs/stable-diffusion/lib/python3.9/site-packages/urllib3/packages/six.py", line 769, in reraise
    raise value.with_traceback(tb)
  File "/home/wenhesun/anaconda3/envs/stable-diffusion/lib/python3.9/site-packages/urllib3/connectionpool.py", line 714, in urlopen
    httplib_response = self._make_request(
  File "/home/wenhesun/anaconda3/envs/stable-diffusion/lib/python3.9/site-packages/urllib3/connectionpool.py", line 403, in _make_request
    self._validate_conn(conn)
  File "/home/wenhesun/anaconda3/envs/stable-diffusion/lib/python3.9/site-packages/urllib3/connectionpool.py", line 1053, in _validate_conn
    conn.connect()
  File "/home/wenhesun/anaconda3/envs/stable-diffusion/lib/python3.9/site-packages/urllib3/connection.py", line 419, in connect
    self.sock = ssl_wrap_socket(
  File "/home/wenhesun/anaconda3/envs/stable-diffusion/lib/python3.9/site-packages/urllib3/util/ssl_.py", line 449, in ssl_wrap_socket
    ssl_sock = _ssl_wrap_socket_impl(
  File "/home/wenhesun/anaconda3/envs/stable-diffusion/lib/python3.9/site-packages/urllib3/util/ssl_.py", line 493, in _ssl_wrap_socket_impl
    return ssl_context.wrap_socket(sock, server_hostname=server_hostname)
  File "/home/wenhesun/anaconda3/envs/stable-diffusion/lib/python3.9/ssl.py", line 500, in wrap_socket
    return self.sslsocket_class._create(
  File "/home/wenhesun/anaconda3/envs/stable-diffusion/lib/python3.9/ssl.py", line 1040, in _create
    self.do_handshake()
  File "/home/wenhesun/anaconda3/envs/stable-diffusion/lib/python3.9/ssl.py", line 1309, in do_handshake
    self._sslobj.do_handshake()
urllib3.exceptions.ProtocolError: ('Connection aborted.', ConnectionResetError(104, 'Connection reset by peer'))

During handling of the above exception, another exception occurred:

Traceback (most recent call last):
  File "/home/wenhesun/anaconda3/envs/stable-diffusion/lib/python3.9/site-packages/wandb/sdk/internal/internal_api.py", line 1691, in upload_file
    response = requests.put(url, data=progress, headers=extra_headers)
  File "/home/wenhesun/anaconda3/envs/stable-diffusion/lib/python3.9/site-packages/requests/api.py", line 130, in put
    return request("put", url, data=data, **kwargs)
  File "/home/wenhesun/anaconda3/envs/stable-diffusion/lib/python3.9/site-packages/requests/api.py", line 59, in request
    return session.request(method=method, url=url, **kwargs)
  File "/home/wenhesun/anaconda3/envs/stable-diffusion/lib/python3.9/site-packages/requests/sessions.py", line 589, in request
    resp = self.send(prep, **send_kwargs)
  File "/home/wenhesun/anaconda3/envs/stable-diffusion/lib/python3.9/site-packages/requests/sessions.py", line 703, in send
    r = adapter.send(request, **kwargs)
  File "/home/wenhesun/anaconda3/envs/stable-diffusion/lib/python3.9/site-packages/requests/adapters.py", line 501, in send
    raise ConnectionError(err, request=request)
requests.exceptions.ConnectionError: ('Connection aborted.', ConnectionResetError(104, 'Connection reset by peer'))

During handling of the above exception, another exception occurred:

Traceback (most recent call last):
  File "/home/wenhesun/anaconda3/envs/stable-diffusion/lib/python3.9/site-packages/wandb/sdk/lib/retry.py", line 108, in __call__
    result = self._call_fn(*args, **kwargs)
  File "/home/wenhesun/anaconda3/envs/stable-diffusion/lib/python3.9/site-packages/wandb/sdk/internal/internal_api.py", line 1707, in upload_file
    raise e.with_traceback(sys.exc_info()[2])
  File "/home/wenhesun/anaconda3/envs/stable-diffusion/lib/python3.9/site-packages/wandb/sdk/internal/internal_api.py", line 1691, in upload_file
    response = requests.put(url, data=progress, headers=extra_headers)
  File "/home/wenhesun/anaconda3/envs/stable-diffusion/lib/python3.9/site-packages/requests/api.py", line 130, in put
    return request("put", url, data=data, **kwargs)
  File "/home/wenhesun/anaconda3/envs/stable-diffusion/lib/python3.9/site-packages/requests/api.py", line 59, in request
    return session.request(method=method, url=url, **kwargs)
  File "/home/wenhesun/anaconda3/envs/stable-diffusion/lib/python3.9/site-packages/requests/sessions.py", line 589, in request
    resp = self.send(prep, **send_kwargs)
  File "/home/wenhesun/anaconda3/envs/stable-diffusion/lib/python3.9/site-packages/requests/sessions.py", line 703, in send
    r = adapter.send(request, **kwargs)
  File "/home/wenhesun/anaconda3/envs/stable-diffusion/lib/python3.9/site-packages/requests/adapters.py", line 501, in send
    raise ConnectionError(err, request=request)
wandb.sdk.lib.retry.TransientError: None
2024-02-07 10:12:56,896 DEBUG   HandlerThread:1090123 [handler.py:handle_request():140] handle_request: poll_exit
2024-02-07 10:12:56,897 DEBUG   SenderThread:1090123 [sender.py:send_request():250] send_request: poll_exit
2024-02-07 10:12:56,998 DEBUG   HandlerThread:1090123 [handler.py:handle_request():140] handle_request: poll_exit
2024-02-07 10:12:56,998 DEBUG   SenderThread:1090123 [sender.py:send_request():250] send_request: poll_exit
2024-02-07 10:12:57,100 DEBUG   HandlerThread:1090123 [handler.py:handle_request():140] handle_request: poll_exit
2024-02-07 10:12:57,100 DEBUG   SenderThread:1090123 [sender.py:send_request():250] send_request: poll_exit
2024-02-07 10:12:57,201 DEBUG   HandlerThread:1090123 [handler.py:handle_request():140] handle_request: poll_exit
2024-02-07 10:12:57,202 DEBUG   SenderThread:1090123 [sender.py:send_request():250] send_request: poll_exit
2024-02-07 10:12:57,303 DEBUG   HandlerThread:1090123 [handler.py:handle_request():140] handle_request: poll_exit
2024-02-07 10:12:57,303 DEBUG   SenderThread:1090123 [sender.py:send_request():250] send_request: poll_exit
2024-02-07 10:12:57,405 DEBUG   HandlerThread:1090123 [handler.py:handle_request():140] handle_request: poll_exit
2024-02-07 10:12:57,405 DEBUG   SenderThread:1090123 [sender.py:send_request():250] send_request: poll_exit
2024-02-07 10:12:57,506 DEBUG   HandlerThread:1090123 [handler.py:handle_request():140] handle_request: poll_exit
2024-02-07 10:12:57,506 DEBUG   SenderThread:1090123 [sender.py:send_request():250] send_request: poll_exit
2024-02-07 10:12:57,608 DEBUG   HandlerThread:1090123 [handler.py:handle_request():140] handle_request: poll_exit
2024-02-07 10:12:57,608 DEBUG   SenderThread:1090123 [sender.py:send_request():250] send_request: poll_exit
2024-02-07 10:12:57,709 DEBUG   HandlerThread:1090123 [handler.py:handle_request():140] handle_request: poll_exit
2024-02-07 10:12:57,710 DEBUG   SenderThread:1090123 [sender.py:send_request():250] send_request: poll_exit
2024-02-07 10:12:57,811 DEBUG   HandlerThread:1090123 [handler.py:handle_request():140] handle_request: poll_exit
2024-02-07 10:12:57,811 DEBUG   SenderThread:1090123 [sender.py:send_request():250] send_request: poll_exit
2024-02-07 10:12:57,913 DEBUG   HandlerThread:1090123 [handler.py:handle_request():140] handle_request: poll_exit
2024-02-07 10:12:57,913 DEBUG   SenderThread:1090123 [sender.py:send_request():250] send_request: poll_exit
2024-02-07 10:12:58,014 DEBUG   HandlerThread:1090123 [handler.py:handle_request():140] handle_request: poll_exit
2024-02-07 10:12:58,014 DEBUG   SenderThread:1090123 [sender.py:send_request():250] send_request: poll_exit
2024-02-07 10:12:58,116 DEBUG   HandlerThread:1090123 [handler.py:handle_request():140] handle_request: poll_exit
2024-02-07 10:12:58,116 DEBUG   SenderThread:1090123 [sender.py:send_request():250] send_request: poll_exit
2024-02-07 10:12:58,217 DEBUG   HandlerThread:1090123 [handler.py:handle_request():140] handle_request: poll_exit
2024-02-07 10:12:58,218 DEBUG   SenderThread:1090123 [sender.py:send_request():250] send_request: poll_exit
2024-02-07 10:12:58,319 DEBUG   HandlerThread:1090123 [handler.py:handle_request():140] handle_request: poll_exit
2024-02-07 10:12:58,319 DEBUG   SenderThread:1090123 [sender.py:send_request():250] send_request: poll_exit
2024-02-07 10:12:58,421 DEBUG   HandlerThread:1090123 [handler.py:handle_request():140] handle_request: poll_exit
2024-02-07 10:12:58,421 DEBUG   SenderThread:1090123 [sender.py:send_request():250] send_request: poll_exit
2024-02-07 10:12:58,522 DEBUG   HandlerThread:1090123 [handler.py:handle_request():140] handle_request: poll_exit
2024-02-07 10:12:58,523 DEBUG   SenderThread:1090123 [sender.py:send_request():250] send_request: poll_exit
2024-02-07 10:12:58,624 DEBUG   HandlerThread:1090123 [handler.py:handle_request():140] handle_request: poll_exit
2024-02-07 10:12:58,624 DEBUG   SenderThread:1090123 [sender.py:send_request():250] send_request: poll_exit
2024-02-07 10:12:58,726 DEBUG   HandlerThread:1090123 [handler.py:handle_request():140] handle_request: poll_exit
2024-02-07 10:12:58,726 DEBUG   SenderThread:1090123 [sender.py:send_request():250] send_request: poll_exit
2024-02-07 10:12:58,827 DEBUG   HandlerThread:1090123 [handler.py:handle_request():140] handle_request: poll_exit
2024-02-07 10:12:58,828 DEBUG   SenderThread:1090123 [sender.py:send_request():250] send_request: poll_exit
2024-02-07 10:12:58,929 DEBUG   HandlerThread:1090123 [handler.py:handle_request():140] handle_request: poll_exit
2024-02-07 10:12:58,929 DEBUG   SenderThread:1090123 [sender.py:send_request():250] send_request: poll_exit
2024-02-07 10:12:59,031 DEBUG   HandlerThread:1090123 [handler.py:handle_request():140] handle_request: poll_exit
2024-02-07 10:12:59,031 DEBUG   SenderThread:1090123 [sender.py:send_request():250] send_request: poll_exit
2024-02-07 10:12:59,047 ERROR   Thread-13 :1090123 [internal_api.py:upload_file():1694] upload_file exception https://storage.googleapis.com/wandb-production.appspot.com/wenhesun576/evolutional-prompt/13bt6pmo/output.log?Expires=1707387175&GoogleAccessId=gorilla-files-url-signer-man%40wandb-production.iam.gserviceaccount.com&Signature=XER7P9I9KtUIPaTrW2f%2Bg81CX7WRGf3uSCbQBwm3bXMsR4NAMpgrZtEawabgu1PNTNDjRBqZye67vtrVWpJWmJWtu0C1VIycGUl%2FJLBy%2Fy%2B0Cp00PX2EK8C%2B4oLxwR1ytXwTHmo2IwnTIzwP819Lc5sZy8M2%2F5W1jM1AyP1lfs9ZerretmgOS6k6%2BbNlYqd3i4s2T1bcJs8F%2BNZludBT%2FZWFVzz30JjXXOE67ABN2lA6u1dj3Te%2FJb7jhE63gYVzwnwbjJ22GDnKdDE5b4OPTDULNx5Q0iHGH6gQOJcSe0vVHhDqdp7WDGeHDHQm8rSEDZ5bzrwG6XWSgoDOlpZqxg%3D%3D: ('Connection aborted.', ConnectionResetError(104, 'Connection reset by peer'))
2024-02-07 10:12:59,048 ERROR   Thread-13 :1090123 [internal_api.py:upload_file():1696] upload_file request headers: {'User-Agent': 'python-requests/2.31.0', 'Accept-Encoding': 'gzip, deflate, br', 'Accept': '*/*', 'Connection': 'keep-alive', 'Content-Length': '9429'}
2024-02-07 10:12:59,048 ERROR   Thread-13 :1090123 [internal_api.py:upload_file():1698] upload_file response body: 
2024-02-07 10:12:59,132 DEBUG   HandlerThread:1090123 [handler.py:handle_request():140] handle_request: poll_exit
2024-02-07 10:12:59,133 DEBUG   SenderThread:1090123 [sender.py:send_request():250] send_request: poll_exit
2024-02-07 10:12:59,234 DEBUG   HandlerThread:1090123 [handler.py:handle_request():140] handle_request: poll_exit
2024-02-07 10:12:59,234 DEBUG   SenderThread:1090123 [sender.py:send_request():250] send_request: poll_exit
2024-02-07 10:12:59,336 DEBUG   HandlerThread:1090123 [handler.py:handle_request():140] handle_request: poll_exit
2024-02-07 10:12:59,336 DEBUG   SenderThread:1090123 [sender.py:send_request():250] send_request: poll_exit
2024-02-07 10:12:59,397 INFO    Thread-14 :1090123 [upload_job.py:push():138] Uploaded file /home/wenhesun/Plum/wandb/run-20240207_101104-13bt6pmo/files/config.yaml
2024-02-07 10:12:59,437 DEBUG   HandlerThread:1090123 [handler.py:handle_request():140] handle_request: poll_exit
2024-02-07 10:12:59,438 DEBUG   SenderThread:1090123 [sender.py:send_request():250] send_request: poll_exit
2024-02-07 10:12:59,539 DEBUG   HandlerThread:1090123 [handler.py:handle_request():140] handle_request: poll_exit
2024-02-07 10:12:59,539 DEBUG   SenderThread:1090123 [sender.py:send_request():250] send_request: poll_exit
2024-02-07 10:12:59,640 DEBUG   HandlerThread:1090123 [handler.py:handle_request():140] handle_request: poll_exit
2024-02-07 10:12:59,641 DEBUG   SenderThread:1090123 [sender.py:send_request():250] send_request: poll_exit
2024-02-07 10:12:59,742 DEBUG   HandlerThread:1090123 [handler.py:handle_request():140] handle_request: poll_exit
2024-02-07 10:12:59,742 DEBUG   SenderThread:1090123 [sender.py:send_request():250] send_request: poll_exit
2024-02-07 10:12:59,844 DEBUG   HandlerThread:1090123 [handler.py:handle_request():140] handle_request: poll_exit
2024-02-07 10:12:59,844 DEBUG   SenderThread:1090123 [sender.py:send_request():250] send_request: poll_exit
2024-02-07 10:12:59,945 DEBUG   HandlerThread:1090123 [handler.py:handle_request():140] handle_request: poll_exit
2024-02-07 10:12:59,945 DEBUG   SenderThread:1090123 [sender.py:send_request():250] send_request: poll_exit
2024-02-07 10:13:00,047 DEBUG   HandlerThread:1090123 [handler.py:handle_request():140] handle_request: poll_exit
2024-02-07 10:13:00,047 DEBUG   SenderThread:1090123 [sender.py:send_request():250] send_request: poll_exit
2024-02-07 10:13:00,149 DEBUG   HandlerThread:1090123 [handler.py:handle_request():140] handle_request: poll_exit
2024-02-07 10:13:00,149 DEBUG   SenderThread:1090123 [sender.py:send_request():250] send_request: poll_exit
2024-02-07 10:13:00,250 DEBUG   HandlerThread:1090123 [handler.py:handle_request():140] handle_request: poll_exit
2024-02-07 10:13:00,250 DEBUG   SenderThread:1090123 [sender.py:send_request():250] send_request: poll_exit
2024-02-07 10:13:00,352 DEBUG   HandlerThread:1090123 [handler.py:handle_request():140] handle_request: poll_exit
2024-02-07 10:13:00,352 DEBUG   SenderThread:1090123 [sender.py:send_request():250] send_request: poll_exit
2024-02-07 10:13:00,453 DEBUG   HandlerThread:1090123 [handler.py:handle_request():140] handle_request: poll_exit
2024-02-07 10:13:00,454 DEBUG   SenderThread:1090123 [sender.py:send_request():250] send_request: poll_exit
2024-02-07 10:13:00,555 DEBUG   HandlerThread:1090123 [handler.py:handle_request():140] handle_request: poll_exit
2024-02-07 10:13:00,555 DEBUG   SenderThread:1090123 [sender.py:send_request():250] send_request: poll_exit
2024-02-07 10:13:00,656 DEBUG   HandlerThread:1090123 [handler.py:handle_request():140] handle_request: poll_exit
2024-02-07 10:13:00,657 DEBUG   SenderThread:1090123 [sender.py:send_request():250] send_request: poll_exit
2024-02-07 10:13:00,758 DEBUG   HandlerThread:1090123 [handler.py:handle_request():140] handle_request: poll_exit
2024-02-07 10:13:00,758 DEBUG   SenderThread:1090123 [sender.py:send_request():250] send_request: poll_exit
2024-02-07 10:13:00,860 DEBUG   HandlerThread:1090123 [handler.py:handle_request():140] handle_request: poll_exit
2024-02-07 10:13:00,860 DEBUG   SenderThread:1090123 [sender.py:send_request():250] send_request: poll_exit
2024-02-07 10:13:00,961 DEBUG   HandlerThread:1090123 [handler.py:handle_request():140] handle_request: poll_exit
2024-02-07 10:13:00,961 DEBUG   SenderThread:1090123 [sender.py:send_request():250] send_request: poll_exit
2024-02-07 10:13:01,063 DEBUG   HandlerThread:1090123 [handler.py:handle_request():140] handle_request: poll_exit
2024-02-07 10:13:01,063 DEBUG   SenderThread:1090123 [sender.py:send_request():250] send_request: poll_exit
2024-02-07 10:13:01,164 DEBUG   HandlerThread:1090123 [handler.py:handle_request():140] handle_request: poll_exit
2024-02-07 10:13:01,165 DEBUG   SenderThread:1090123 [sender.py:send_request():250] send_request: poll_exit
2024-02-07 10:13:01,266 DEBUG   HandlerThread:1090123 [handler.py:handle_request():140] handle_request: poll_exit
2024-02-07 10:13:01,266 DEBUG   SenderThread:1090123 [sender.py:send_request():250] send_request: poll_exit
2024-02-07 10:13:01,368 DEBUG   HandlerThread:1090123 [handler.py:handle_request():140] handle_request: poll_exit
2024-02-07 10:13:01,368 DEBUG   SenderThread:1090123 [sender.py:send_request():250] send_request: poll_exit
2024-02-07 10:13:01,469 DEBUG   HandlerThread:1090123 [handler.py:handle_request():140] handle_request: poll_exit
2024-02-07 10:13:01,469 DEBUG   SenderThread:1090123 [sender.py:send_request():250] send_request: poll_exit
2024-02-07 10:13:01,571 DEBUG   HandlerThread:1090123 [handler.py:handle_request():140] handle_request: poll_exit
2024-02-07 10:13:01,571 DEBUG   SenderThread:1090123 [sender.py:send_request():250] send_request: poll_exit
2024-02-07 10:13:01,672 DEBUG   HandlerThread:1090123 [handler.py:handle_request():140] handle_request: poll_exit
2024-02-07 10:13:01,672 DEBUG   SenderThread:1090123 [sender.py:send_request():250] send_request: poll_exit
2024-02-07 10:13:01,774 DEBUG   HandlerThread:1090123 [handler.py:handle_request():140] handle_request: poll_exit
2024-02-07 10:13:01,774 DEBUG   SenderThread:1090123 [sender.py:send_request():250] send_request: poll_exit
2024-02-07 10:13:01,876 DEBUG   HandlerThread:1090123 [handler.py:handle_request():140] handle_request: poll_exit
2024-02-07 10:13:01,876 DEBUG   SenderThread:1090123 [sender.py:send_request():250] send_request: poll_exit
2024-02-07 10:13:01,977 DEBUG   HandlerThread:1090123 [handler.py:handle_request():140] handle_request: poll_exit
2024-02-07 10:13:01,977 DEBUG   SenderThread:1090123 [sender.py:send_request():250] send_request: poll_exit
2024-02-07 10:13:02,079 DEBUG   HandlerThread:1090123 [handler.py:handle_request():140] handle_request: poll_exit
2024-02-07 10:13:02,079 DEBUG   SenderThread:1090123 [sender.py:send_request():250] send_request: poll_exit
2024-02-07 10:13:02,181 DEBUG   HandlerThread:1090123 [handler.py:handle_request():140] handle_request: poll_exit
2024-02-07 10:13:02,181 DEBUG   SenderThread:1090123 [sender.py:send_request():250] send_request: poll_exit
2024-02-07 10:13:02,282 DEBUG   HandlerThread:1090123 [handler.py:handle_request():140] handle_request: poll_exit
2024-02-07 10:13:02,282 DEBUG   SenderThread:1090123 [sender.py:send_request():250] send_request: poll_exit
2024-02-07 10:13:02,384 DEBUG   HandlerThread:1090123 [handler.py:handle_request():140] handle_request: poll_exit
2024-02-07 10:13:02,384 DEBUG   SenderThread:1090123 [sender.py:send_request():250] send_request: poll_exit
2024-02-07 10:13:02,485 DEBUG   HandlerThread:1090123 [handler.py:handle_request():140] handle_request: poll_exit
2024-02-07 10:13:02,486 DEBUG   SenderThread:1090123 [sender.py:send_request():250] send_request: poll_exit
2024-02-07 10:13:02,587 DEBUG   HandlerThread:1090123 [handler.py:handle_request():140] handle_request: poll_exit
2024-02-07 10:13:02,587 DEBUG   SenderThread:1090123 [sender.py:send_request():250] send_request: poll_exit
2024-02-07 10:13:02,689 DEBUG   HandlerThread:1090123 [handler.py:handle_request():140] handle_request: poll_exit
2024-02-07 10:13:02,689 DEBUG   SenderThread:1090123 [sender.py:send_request():250] send_request: poll_exit
2024-02-07 10:13:02,790 DEBUG   HandlerThread:1090123 [handler.py:handle_request():140] handle_request: poll_exit
2024-02-07 10:13:02,790 DEBUG   SenderThread:1090123 [sender.py:send_request():250] send_request: poll_exit
2024-02-07 10:13:02,892 DEBUG   HandlerThread:1090123 [handler.py:handle_request():140] handle_request: poll_exit
2024-02-07 10:13:02,892 DEBUG   SenderThread:1090123 [sender.py:send_request():250] send_request: poll_exit
2024-02-07 10:13:02,994 DEBUG   HandlerThread:1090123 [handler.py:handle_request():140] handle_request: poll_exit
2024-02-07 10:13:02,994 DEBUG   SenderThread:1090123 [sender.py:send_request():250] send_request: poll_exit
2024-02-07 10:13:03,095 DEBUG   HandlerThread:1090123 [handler.py:handle_request():140] handle_request: poll_exit
2024-02-07 10:13:03,095 DEBUG   SenderThread:1090123 [sender.py:send_request():250] send_request: poll_exit
2024-02-07 10:13:03,197 DEBUG   HandlerThread:1090123 [handler.py:handle_request():140] handle_request: poll_exit
2024-02-07 10:13:03,197 DEBUG   SenderThread:1090123 [sender.py:send_request():250] send_request: poll_exit
2024-02-07 10:13:03,298 DEBUG   HandlerThread:1090123 [handler.py:handle_request():140] handle_request: poll_exit
2024-02-07 10:13:03,299 DEBUG   SenderThread:1090123 [sender.py:send_request():250] send_request: poll_exit
2024-02-07 10:13:03,400 DEBUG   HandlerThread:1090123 [handler.py:handle_request():140] handle_request: poll_exit
2024-02-07 10:13:03,400 DEBUG   SenderThread:1090123 [sender.py:send_request():250] send_request: poll_exit
2024-02-07 10:13:03,502 DEBUG   HandlerThread:1090123 [handler.py:handle_request():140] handle_request: poll_exit
2024-02-07 10:13:03,502 DEBUG   SenderThread:1090123 [sender.py:send_request():250] send_request: poll_exit
2024-02-07 10:13:03,603 DEBUG   HandlerThread:1090123 [handler.py:handle_request():140] handle_request: poll_exit
2024-02-07 10:13:03,603 DEBUG   SenderThread:1090123 [sender.py:send_request():250] send_request: poll_exit
2024-02-07 10:13:03,705 DEBUG   HandlerThread:1090123 [handler.py:handle_request():140] handle_request: poll_exit
2024-02-07 10:13:03,705 DEBUG   SenderThread:1090123 [sender.py:send_request():250] send_request: poll_exit
2024-02-07 10:13:03,806 DEBUG   HandlerThread:1090123 [handler.py:handle_request():140] handle_request: poll_exit
2024-02-07 10:13:03,807 DEBUG   SenderThread:1090123 [sender.py:send_request():250] send_request: poll_exit
2024-02-07 10:13:03,908 DEBUG   HandlerThread:1090123 [handler.py:handle_request():140] handle_request: poll_exit
2024-02-07 10:13:03,908 DEBUG   SenderThread:1090123 [sender.py:send_request():250] send_request: poll_exit
2024-02-07 10:13:04,010 DEBUG   HandlerThread:1090123 [handler.py:handle_request():140] handle_request: poll_exit
2024-02-07 10:13:04,010 DEBUG   SenderThread:1090123 [sender.py:send_request():250] send_request: poll_exit
2024-02-07 10:13:04,111 DEBUG   HandlerThread:1090123 [handler.py:handle_request():140] handle_request: poll_exit
2024-02-07 10:13:04,111 DEBUG   SenderThread:1090123 [sender.py:send_request():250] send_request: poll_exit
2024-02-07 10:13:04,213 DEBUG   HandlerThread:1090123 [handler.py:handle_request():140] handle_request: poll_exit
2024-02-07 10:13:04,213 DEBUG   SenderThread:1090123 [sender.py:send_request():250] send_request: poll_exit
2024-02-07 10:13:04,314 DEBUG   HandlerThread:1090123 [handler.py:handle_request():140] handle_request: poll_exit
2024-02-07 10:13:04,315 DEBUG   SenderThread:1090123 [sender.py:send_request():250] send_request: poll_exit
2024-02-07 10:13:04,320 INFO    Thread-13 :1090123 [upload_job.py:push():138] Uploaded file /home/wenhesun/Plum/wandb/run-20240207_101104-13bt6pmo/files/output.log
2024-02-07 10:13:04,416 DEBUG   HandlerThread:1090123 [handler.py:handle_request():140] handle_request: poll_exit
2024-02-07 10:13:04,416 DEBUG   SenderThread:1090123 [sender.py:send_request():250] send_request: poll_exit
2024-02-07 10:13:04,518 DEBUG   HandlerThread:1090123 [handler.py:handle_request():140] handle_request: poll_exit
2024-02-07 10:13:04,518 DEBUG   SenderThread:1090123 [sender.py:send_request():250] send_request: poll_exit
2024-02-07 10:13:04,521 INFO    Thread-6  :1090123 [sender.py:transition_state():393] send defer: 8
2024-02-07 10:13:04,522 DEBUG   HandlerThread:1090123 [handler.py:handle_request():140] handle_request: defer
2024-02-07 10:13:04,522 INFO    HandlerThread:1090123 [handler.py:handle_request_defer():163] handle defer: 8
2024-02-07 10:13:04,522 DEBUG   SenderThread:1090123 [sender.py:send_request():250] send_request: defer
2024-02-07 10:13:04,522 INFO    SenderThread:1090123 [sender.py:send_request_defer():389] handle sender defer: 8
2024-02-07 10:13:04,619 DEBUG   HandlerThread:1090123 [handler.py:handle_request():140] handle_request: poll_exit
2024-02-07 10:13:05,070 INFO    SenderThread:1090123 [sender.py:transition_state():393] send defer: 9
2024-02-07 10:13:05,071 DEBUG   SenderThread:1090123 [sender.py:send_request():250] send_request: poll_exit
2024-02-07 10:13:05,071 DEBUG   HandlerThread:1090123 [handler.py:handle_request():140] handle_request: defer
2024-02-07 10:13:05,071 INFO    HandlerThread:1090123 [handler.py:handle_request_defer():163] handle defer: 9
2024-02-07 10:13:05,072 DEBUG   SenderThread:1090123 [sender.py:send_request():250] send_request: defer
2024-02-07 10:13:05,072 INFO    SenderThread:1090123 [sender.py:send_request_defer():389] handle sender defer: 9
2024-02-07 10:13:05,072 INFO    SenderThread:1090123 [sender.py:transition_state():393] send defer: 10
2024-02-07 10:13:05,073 DEBUG   HandlerThread:1090123 [handler.py:handle_request():140] handle_request: defer
2024-02-07 10:13:05,073 DEBUG   SenderThread:1090123 [sender.py:send():236] send: final
2024-02-07 10:13:05,073 INFO    HandlerThread:1090123 [handler.py:handle_request_defer():163] handle defer: 10
2024-02-07 10:13:05,073 DEBUG   SenderThread:1090123 [sender.py:send():236] send: footer
2024-02-07 10:13:05,073 DEBUG   SenderThread:1090123 [sender.py:send_request():250] send_request: defer
2024-02-07 10:13:05,073 INFO    SenderThread:1090123 [sender.py:send_request_defer():389] handle sender defer: 10
2024-02-07 10:13:05,172 DEBUG   HandlerThread:1090123 [handler.py:handle_request():140] handle_request: poll_exit
2024-02-07 10:13:05,173 DEBUG   SenderThread:1090123 [sender.py:send_request():250] send_request: poll_exit
2024-02-07 10:13:05,173 INFO    SenderThread:1090123 [file_pusher.py:join():176] waiting for file pusher
2024-02-07 10:13:06,583 DEBUG   HandlerThread:1090123 [handler.py:handle_request():140] handle_request: sampled_history
2024-02-07 10:13:06,585 DEBUG   HandlerThread:1090123 [handler.py:handle_request():140] handle_request: get_summary
2024-02-07 10:13:06,586 DEBUG   HandlerThread:1090123 [handler.py:handle_request():140] handle_request: shutdown
2024-02-07 10:13:06,586 INFO    HandlerThread:1090123 [handler.py:finish():806] shutting down handler
2024-02-07 10:13:07,073 INFO    WriterThread:1090123 [datastore.py:close():279] close: /home/wenhesun/Plum/wandb/run-20240207_101104-13bt6pmo/run-13bt6pmo.wandb
2024-02-07 10:13:07,482 INFO    SenderThread:1090123 [sender.py:finish():1114] shutting down sender
2024-02-07 10:13:07,482 INFO    SenderThread:1090123 [file_pusher.py:finish():171] shutting down file pusher
2024-02-07 10:13:07,482 INFO    SenderThread:1090123 [file_pusher.py:join():176] waiting for file pusher
2024-02-07 10:13:07,539 INFO    MainThread:1090123 [internal.py:handle_exit():80] Internal process exited
